{"meta": {"version": "6.4.4", "timestamp": "2022-09-13T01:19:59.348753", "branch_coverage": false, "show_contexts": false}, "files": {"an_website/__init__.py": {"executed_lines": [14, 16, 18, 19, 20, 21, 22, 23, 24, 26, 27, 29, 30, 38, 40, 41, 42, 43, 46, 48, 50, 54, 55, 57, 58, 59, 60, 61, 63, 64, 66, 68, 72, 73, 77, 79, 80, 82, 103], "summary": {"covered_lines": 39, "num_statements": 42, "percent_covered": 92.85714285714286, "percent_covered_display": "93", "missing_lines": 3, "excluded_lines": 2}, "missing_lines": [31, 33, 35], "excluded_lines": [74, 75]}, "an_website/backdoor/__init__.py": {"executed_lines": [14, 16, 18, 19, 21, 22, 24, 27, 29], "summary": {"covered_lines": 9, "num_statements": 9, "percent_covered": 100.0, "percent_covered_display": "100", "missing_lines": 0, "excluded_lines": 0}, "missing_lines": [], "excluded_lines": []}, "an_website/backdoor/backdoor.py": {"executed_lines": [14, 16, 18, 19, 20, 21, 22, 23, 24, 25, 26, 27, 28, 29, 31, 32, 34, 35, 36, 38, 41, 42, 44, 45, 46, 48, 49, 52, 53, 55, 59, 60, 61, 63, 65, 67, 68, 69, 70, 71, 72, 73, 74, 75, 76, 81, 89, 91, 93, 95, 97, 98, 99, 101, 103, 105, 106, 112, 113, 115, 117, 122, 126, 127, 129, 136, 146, 150, 151, 152, 153, 155, 158, 159, 161, 162, 170, 178, 179, 181, 182, 185, 186, 189, 190, 191, 192, 197, 198, 199, 202, 203, 204, 205, 206, 210, 211, 212, 213, 214, 217, 218, 219, 220, 222, 223, 228, 229, 232, 233, 235, 236, 237, 238, 239, 240, 241, 247, 248, 257, 265, 267, 268, 270, 272, 273, 276, 284], "summary": {"covered_lines": 126, "num_statements": 144, "percent_covered": 87.5, "percent_covered_display": "88", "missing_lines": 18, "excluded_lines": 0}, "missing_lines": [79, 80, 137, 138, 139, 140, 141, 142, 143, 144, 200, 201, 207, 208, 252, 253, 277, 283], "excluded_lines": []}, "an_website/contact/__init__.py": {"executed_lines": [14, 16, 18, 19, 21], "summary": {"covered_lines": 5, "num_statements": 5, "percent_covered": 100.0, "percent_covered_display": "100", "missing_lines": 0, "excluded_lines": 0}, "missing_lines": [], "excluded_lines": []}, "an_website/contact/contact.py": {"executed_lines": [14, 16, 18, 19, 20, 21, 22, 23, 24, 25, 26, 27, 28, 29, 30, 31, 33, 35, 36, 37, 39, 42, 44, 55, 57, 64, 72, 74, 78, 79, 81, 84, 116, 130, 131, 132, 135, 139, 141, 142, 144, 145, 146, 147, 148, 149, 151, 153, 156, 162, 163, 164, 165, 167, 170, 171, 173, 174, 175, 177, 179, 181, 183, 184, 186, 189, 190, 193, 195, 201], "summary": {"covered_lines": 69, "num_statements": 108, "percent_covered": 63.888888888888886, "percent_covered_display": "64", "missing_lines": 39, "excluded_lines": 0}, "missing_lines": [82, 133, 140, 150, 152, 182, 191, 203, 204, 206, 207, 208, 209, 210, 214, 216, 217, 218, 220, 221, 222, 228, 229, 230, 231, 235, 237, 238, 248, 249, 251, 252, 259, 262, 264, 265, 266, 268, 282], "excluded_lines": []}, "an_website/currency_converter/__init__.py": {"executed_lines": [14, 16, 18, 19, 21], "summary": {"covered_lines": 5, "num_statements": 5, "percent_covered": 100.0, "percent_covered_display": "100", "missing_lines": 0, "excluded_lines": 0}, "missing_lines": [], "excluded_lines": []}, "an_website/currency_converter/converter.py": {"executed_lines": [14, 16, 18, 19, 21, 23, 24, 26, 27, 30, 32, 59, 61, 63, 64, 66, 67, 69, 70, 71, 73, 74, 76, 77, 79, 82, 88, 89, 90, 91, 92, 95, 97, 105, 111, 112, 113, 114, 119, 120, 121, 130, 131, 132, 138, 142, 143, 144, 145, 154, 155, 160, 161, 163, 168, 170, 171, 173, 176, 177, 180, 182, 185, 190, 191, 192, 193, 194, 196, 197, 200, 203, 204, 206, 212, 214, 215, 216, 219, 221, 232, 234, 236, 237, 238, 239, 243, 244, 246, 260, 267, 268, 270, 276, 278, 279, 281, 282], "summary": {"covered_lines": 96, "num_statements": 112, "percent_covered": 85.71428571428571, "percent_covered_display": "86", "missing_lines": 16, "excluded_lines": 0}, "missing_lines": [217, 222, 223, 224, 227, 228, 229, 230, 241, 247, 248, 257, 258, 284, 285, 287], "excluded_lines": []}, "an_website/discord/__init__.py": {"executed_lines": [14, 16, 18, 19, 21], "summary": {"covered_lines": 5, "num_statements": 5, "percent_covered": 100.0, "percent_covered_display": "100", "missing_lines": 0, "excluded_lines": 0}, "missing_lines": [], "excluded_lines": []}, "an_website/discord/discord.py": {"executed_lines": [14, 16, 18, 19, 21, 22, 23, 25, 26, 27, 29, 31, 37, 39, 61, 72, 82, 85, 86, 89, 90, 91, 92, 124, 128, 129, 130, 131, 133, 135, 136, 141, 143, 146, 147, 149, 151, 153, 154, 155, 156, 165, 166, 168, 169, 171, 175, 176, 177, 178, 181, 182, 184, 185], "summary": {"covered_lines": 51, "num_statements": 68, "percent_covered": 75.0, "percent_covered_display": "75", "missing_lines": 17, "excluded_lines": 0}, "missing_lines": [63, 69, 93, 96, 97, 100, 101, 107, 108, 109, 112, 116, 121, 132, 137, 138, 139], "excluded_lines": []}, "an_website/element_web_link/__init__.py": {"executed_lines": [14, 16, 18, 19, 21], "summary": {"covered_lines": 5, "num_statements": 5, "percent_covered": 100.0, "percent_covered_display": "100", "missing_lines": 0, "excluded_lines": 0}, "missing_lines": [], "excluded_lines": []}, "an_website/element_web_link/element_web_link.py": {"executed_lines": [], "summary": {"covered_lines": 0, "num_statements": 6, "percent_covered": 0.0, "percent_covered_display": "0", "missing_lines": 6, "excluded_lines": 0}, "missing_lines": [14, 16, 18, 20, 23, 25], "excluded_lines": []}, "an_website/emoji_chat/__init__.py": {"executed_lines": [14, 16, 18, 19, 21], "summary": {"covered_lines": 5, "num_statements": 5, "percent_covered": 100.0, "percent_covered_display": "100", "missing_lines": 0, "excluded_lines": 0}, "missing_lines": [], "excluded_lines": []}, "an_website/emoji_chat/chat.py": {"executed_lines": [14, 16, 18, 19, 20, 21, 22, 23, 24, 26, 27, 28, 29, 30, 32, 33, 34, 35, 37, 39, 40, 45, 47, 60, 61, 64, 69, 101, 108, 111, 114, 128, 143, 151, 153, 156, 158, 163, 164, 166, 167, 168, 169, 171, 172, 173, 174, 176, 182, 185, 186, 188, 192, 194, 200, 203, 206, 214, 215, 217, 220, 222, 224, 226, 228, 251, 256, 257, 259, 261, 268, 269, 271, 281, 284, 285, 287, 288, 290, 296, 315, 334, 345, 349, 381, 390], "summary": {"covered_lines": 82, "num_statements": 152, "percent_covered": 53.94736842105263, "percent_covered_display": "54", "missing_lines": 70, "excluded_lines": 4}, "missing_lines": [66, 76, 81, 85, 88, 116, 117, 119, 120, 122, 123, 125, 130, 132, 134, 135, 136, 138, 140, 145, 146, 147, 148, 183, 216, 218, 230, 231, 233, 237, 238, 240, 247, 273, 291, 292, 293, 294, 298, 299, 300, 301, 302, 303, 309, 311, 317, 318, 327, 328, 329, 330, 332, 335, 337, 338, 340, 342, 343, 351, 352, 353, 355, 358, 359, 361, 372, 373, 377, 383], "excluded_lines": [253, 347, 392, 393]}, "an_website/endpoints/__init__.py": {"executed_lines": [14, 16, 18, 19, 21], "summary": {"covered_lines": 5, "num_statements": 5, "percent_covered": 100.0, "percent_covered_display": "100", "missing_lines": 0, "excluded_lines": 0}, "missing_lines": [], "excluded_lines": []}, "an_website/endpoints/endpoints.py": {"executed_lines": [14, 16, 18, 20, 21, 23, 24, 25, 28, 30, 44, 45, 47, 49, 50, 51, 57, 61, 62, 63, 77, 78, 85, 88, 89, 91, 95, 97, 105], "summary": {"covered_lines": 27, "num_statements": 28, "percent_covered": 96.42857142857143, "percent_covered_display": "96", "missing_lines": 1, "excluded_lines": 0}, "missing_lines": [98], "excluded_lines": []}, "an_website/example/__init__.py": {"executed_lines": [], "summary": {"covered_lines": 0, "num_statements": 5, "percent_covered": 0.0, "percent_covered_display": "0", "missing_lines": 5, "excluded_lines": 0}, "missing_lines": [14, 16, 18, 19, 21], "excluded_lines": []}, "an_website/example/example.py": {"executed_lines": [], "summary": {"covered_lines": 0, "num_statements": 30, "percent_covered": 0.0, "percent_covered_display": "0", "missing_lines": 30, "excluded_lines": 0}, "missing_lines": [14, 16, 18, 19, 20, 22, 24, 25, 26, 28, 31, 33, 48, 49, 52, 54, 56, 57, 58, 61, 64, 65, 67, 68, 70, 71, 74, 77, 78, 81], "excluded_lines": []}, "an_website/hangman_solver/__init__.py": {"executed_lines": [14, 16, 18, 19, 20, 22, 24, 27, 30, 36, 37, 39, 41, 43, 45, 46, 48, 50, 53, 55, 58, 61, 62, 64, 67, 70, 71, 73, 77], "summary": {"covered_lines": 29, "num_statements": 29, "percent_covered": 100.0, "percent_covered_display": "100", "missing_lines": 0, "excluded_lines": 0}, "missing_lines": [], "excluded_lines": []}, "an_website/hangman_solver/hangman_solver.py": {"executed_lines": [14, 16, 18, 19, 20, 22, 23, 25, 26, 27, 28, 30, 31, 34, 36, 53, 54, 55, 57, 58, 59, 60, 61, 62, 63, 64, 67, 69, 74, 76, 81, 85, 89, 91, 93, 95, 98, 102, 104, 110, 114, 115, 116, 117, 118, 121, 122, 131, 132, 134, 135, 136, 137, 138, 141, 142, 145, 148, 151, 152, 159, 163, 165, 166, 167, 169, 172, 179, 180, 182, 183, 185, 187, 196, 197, 198, 200, 201, 202, 203, 204, 207, 209, 218, 226, 227, 229, 230, 232, 235, 237, 239, 248, 252, 264, 265, 267, 269, 270, 272, 273, 274, 275, 278, 279, 281, 282, 284, 285, 287, 288, 289, 290, 292, 293], "summary": {"covered_lines": 111, "num_statements": 111, "percent_covered": 100.0, "percent_covered_display": "100", "missing_lines": 0, "excluded_lines": 0}, "missing_lines": [], "excluded_lines": []}, "an_website/hangman_solver/wordgame_solver.py": {"executed_lines": [14, 16, 18, 20, 22, 23, 24, 27, 29, 45, 47, 49, 51, 52, 73, 77, 79, 88, 89, 92, 93, 95, 97, 99, 100, 101, 102, 103, 104, 106, 115, 116, 118, 119, 121, 123, 124, 125, 126, 127, 128], "summary": {"covered_lines": 39, "num_statements": 46, "percent_covered": 84.78260869565217, "percent_covered_display": "85", "missing_lines": 7, "excluded_lines": 0}, "missing_lines": [54, 56, 57, 59, 62, 64, 70], "excluded_lines": []}, "an_website/host_info/__init__.py": {"executed_lines": [14, 16, 18, 19, 21], "summary": {"covered_lines": 5, "num_statements": 5, "percent_covered": 100.0, "percent_covered_display": "100", "missing_lines": 0, "excluded_lines": 0}, "missing_lines": [], "excluded_lines": []}, "an_website/host_info/host_info.py": {"executed_lines": [14, 20, 22, 23, 24, 25, 26, 27, 29, 30, 32, 33, 34, 35, 36, 38, 39, 40, 48, 50, 77, 79, 84, 85, 87, 89, 91, 97, 98, 100, 102, 103, 104, 106, 117, 118, 120, 122, 128, 132, 139, 140], "summary": {"covered_lines": 40, "num_statements": 47, "percent_covered": 85.1063829787234, "percent_covered_display": "85", "missing_lines": 7, "excluded_lines": 0}, "missing_lines": [133, 145, 146, 151, 152, 154, 155], "excluded_lines": []}, "an_website/js_licenses/__init__.py": {"executed_lines": [14, 16, 18, 19, 21], "summary": {"covered_lines": 5, "num_statements": 5, "percent_covered": 100.0, "percent_covered_display": "100", "missing_lines": 0, "excluded_lines": 0}, "missing_lines": [], "excluded_lines": []}, "an_website/js_licenses/js_licenses.py": {"executed_lines": [14, 24, 26, 27, 28, 29, 30, 32, 33, 34, 36, 39, 41, 54, 61, 62, 67, 68, 69, 70, 72, 73, 74, 75, 79, 82, 83, 86, 87, 89, 91, 92, 93], "summary": {"covered_lines": 32, "num_statements": 35, "percent_covered": 91.42857142857143, "percent_covered_display": "91", "missing_lines": 3, "excluded_lines": 0}, "missing_lines": [71, 76, 78], "excluded_lines": []}, "an_website/kangaroo_comics/__init__.py": {"executed_lines": [14, 16, 18, 19, 21], "summary": {"covered_lines": 5, "num_statements": 5, "percent_covered": 100.0, "percent_covered_display": "100", "missing_lines": 0, "excluded_lines": 0}, "missing_lines": [], "excluded_lines": []}, "an_website/kangaroo_comics/comics.py": {"executed_lines": [14, 16, 18, 19, 22, 24, 44, 45, 47, 49, 50, 51, 61, 62, 64, 66, 68], "summary": {"covered_lines": 15, "num_statements": 16, "percent_covered": 93.75, "percent_covered_display": "94", "missing_lines": 1, "excluded_lines": 0}, "missing_lines": [67], "excluded_lines": []}, "an_website/lolwut/__init__.py": {"executed_lines": [14, 16, 18, 19, 21], "summary": {"covered_lines": 5, "num_statements": 5, "percent_covered": 100.0, "percent_covered_display": "100", "missing_lines": 0, "excluded_lines": 0}, "missing_lines": [], "excluded_lines": []}, "an_website/lolwut/lolwut.py": {"executed_lines": [14, 16, 18, 20, 21, 23, 24, 25, 28, 30, 47, 53, 60, 61, 62, 63, 66, 67, 69, 71, 74, 76, 77, 79, 87, 88, 90, 95], "summary": {"covered_lines": 26, "num_statements": 38, "percent_covered": 68.42105263157895, "percent_covered_display": "68", "missing_lines": 12, "excluded_lines": 0}, "missing_lines": [54, 55, 56, 57, 58, 72, 97, 98, 100, 102, 103, 105], "excluded_lines": []}, "an_website/main.py": {"executed_lines": [15, 17, 19, 20, 21, 22, 23, 24, 25, 26, 27, 28, 29, 30, 31, 32, 33, 34, 35, 36, 37, 38, 39, 40, 42, 43, 44, 45, 46, 47, 48, 49, 50, 56, 57, 58, 59, 61, 71, 72, 78, 79, 80, 81, 82, 83, 92, 98, 99, 101, 103, 109, 111, 112, 113, 115, 116, 121, 123, 126, 127, 128, 129, 134, 136, 137, 138, 143, 144, 145, 146, 147, 149, 156, 162, 168, 171, 174, 180, 181, 185, 186, 192, 194, 195, 197, 198, 199, 208, 212, 219, 220, 244, 247, 250, 251, 252, 253, 256, 264, 267, 268, 269, 270, 273, 274, 277, 285, 286, 287, 288, 289, 301, 304, 306, 310, 312, 315, 317, 320, 321, 322, 325, 327, 328, 330, 335, 336, 354, 356, 358, 362, 366, 368, 372, 374, 378, 379, 380, 381, 383, 385, 391, 393, 397, 401, 409, 422, 426, 429, 444, 488, 537, 591, 615, 617, 618, 621, 652, 653, 656, 683, 691, 692, 693, 694, 695, 696, 697, 698, 699, 700, 701, 702, 703, 705, 706, 707, 711, 715, 719, 720, 721, 724, 729, 730, 732, 733, 734, 736, 746, 748, 749, 752, 762, 770, 776, 795, 796, 797, 800, 814, 822, 832, 840, 848, 857], "summary": {"covered_lines": 195, "num_statements": 272, "percent_covered": 71.69117647058823, "percent_covered_display": "72", "missing_lines": 77, "excluded_lines": 147}, "missing_lines": [154, 200, 206, 213, 214, 222, 224, 225, 229, 231, 232, 233, 235, 241, 329, 331, 433, 434, 435, 440, 441, 449, 451, 452, 453, 454, 455, 456, 458, 460, 462, 463, 464, 466, 471, 472, 473, 475, 476, 477, 484, 485, 493, 494, 496, 498, 500, 505, 511, 523, 528, 533, 534, 619, 620, 708, 709, 722, 728, 737, 738, 750, 751, 763, 777, 826, 827, 828, 829, 843, 844, 845, 850, 851, 852, 853, 854], "excluded_lines": [92, 150, 152, 429, 444, 467, 468, 469, 488, 537, 538, 539, 540, 575, 583, 588, 591, 592, 593, 594, 595, 596, 608, 609, 610, 656, 657, 659, 660, 663, 664, 665, 666, 667, 668, 669, 670, 671, 674, 675, 678, 679, 680, 800, 801, 802, 803, 804, 805, 806, 807, 808, 809, 810, 811, 814, 815, 816, 817, 818, 819, 822, 832, 833, 834, 835, 836, 837, 857, 858, 865, 866, 867, 869, 871, 872, 877, 878, 879, 880, 882, 883, 884, 885, 887, 888, 890, 892, 899, 901, 905, 906, 912, 918, 919, 920, 927, 935, 937, 938, 940, 942, 945, 947, 948, 949, 950, 952, 953, 961, 962, 964, 965, 966, 967, 971, 973, 975, 976, 978, 979, 981, 982, 988, 989, 990, 991, 995, 996, 997, 998, 999, 1000, 1001, 1002, 1006, 1007, 1011, 1012, 1016, 1017, 1018, 1019, 1020, 1021, 1022, 1024]}, "an_website/main_page/__init__.py": {"executed_lines": [14, 16, 18, 19, 21], "summary": {"covered_lines": 5, "num_statements": 5, "percent_covered": 100.0, "percent_covered_display": "100", "missing_lines": 0, "excluded_lines": 0}, "missing_lines": [], "excluded_lines": []}, "an_website/main_page/main_page.py": {"executed_lines": [14, 16, 18, 19, 22, 24, 34, 35, 37, 38, 40, 42, 43, 44, 45, 48], "summary": {"covered_lines": 14, "num_statements": 16, "percent_covered": 87.5, "percent_covered_display": "88", "missing_lines": 2, "excluded_lines": 1}, "missing_lines": [46, 47], "excluded_lines": [38]}, "an_website/patches/__init__.py": {"executed_lines": [15, 17, 19, 20, 21, 22, 23, 24, 25, 26, 27, 28, 30, 31, 32, 33, 34, 35, 36, 37, 38, 39, 40, 41, 42, 44, 45, 46, 48, 50, 52, 54, 57, 63, 65, 66, 67, 68, 69, 70, 80, 81, 82, 83, 84, 85, 93, 94, 95, 96, 97, 100, 101, 102, 103, 104, 107, 109, 115, 124, 130, 136, 142, 143, 144, 147, 149, 150, 151, 152, 155, 158, 160, 172, 190, 192, 193, 194, 196, 199, 209, 210, 215, 216, 220, 221, 222, 223, 224, 229, 230, 234, 235, 236, 238, 241, 254, 256, 257, 260, 261, 262], "summary": {"covered_lines": 102, "num_statements": 116, "percent_covered": 87.93103448275862, "percent_covered_display": "88", "missing_lines": 14, "excluded_lines": 0}, "missing_lines": [58, 59, 60, 195, 211, 214, 217, 218, 225, 228, 231, 232, 255, 259], "excluded_lines": []}, "an_website/patches/braille.py": {"executed_lines": [16, 18, 20, 23, 41, 42, 45, 47, 54], "summary": {"covered_lines": 9, "num_statements": 18, "percent_covered": 50.0, "percent_covered_display": "50", "missing_lines": 9, "excluded_lines": 0}, "missing_lines": [24, 25, 26, 27, 28, 29, 30, 37, 38], "excluded_lines": []}, "an_website/patches/json.py": {"executed_lines": [14, 16, 18, 19, 20, 21, 23, 24, 26, 29, 31, 36, 38, 39, 40, 41, 43, 44, 47, 48, 50, 51, 54, 70, 71, 72, 75, 76, 78, 80, 93, 94, 103, 106, 111, 113, 116], "summary": {"covered_lines": 37, "num_statements": 50, "percent_covered": 74.0, "percent_covered_display": "74", "missing_lines": 13, "excluded_lines": 0}, "missing_lines": [33, 42, 73, 77, 79, 81, 92, 95, 96, 97, 98, 108, 118], "excluded_lines": []}, "an_website/ping/__init__.py": {"executed_lines": [14, 16, 18, 19, 21], "summary": {"covered_lines": 5, "num_statements": 5, "percent_covered": 100.0, "percent_covered_display": "100", "missing_lines": 0, "excluded_lines": 0}, "missing_lines": [], "excluded_lines": []}, "an_website/ping/ping.py": {"executed_lines": [14, 16, 18, 20, 21, 24, 26, 35, 36, 38, 43, 46, 47, 49], "summary": {"covered_lines": 13, "num_statements": 13, "percent_covered": 100.0, "percent_covered_display": "100", "missing_lines": 0, "excluded_lines": 0}, "missing_lines": [], "excluded_lines": []}, "an_website/quotes/__init__.py": {"executed_lines": [14, 16, 18, 19, 21, 23, 24, 25, 26, 27, 28, 33, 34, 36, 39, 41], "summary": {"covered_lines": 16, "num_statements": 16, "percent_covered": 100.0, "percent_covered_display": "100", "missing_lines": 0, "excluded_lines": 0}, "missing_lines": [], "excluded_lines": []}, "an_website/quotes/create.py": {"executed_lines": [14, 16, 18, 20, 21, 23, 37, 39, 41, 42, 43, 54, 56, 58, 59, 60, 69, 99, 101, 102, 103, 105, 106, 107, 116, 117, 118, 120, 123, 124, 125, 126, 129, 131, 132, 133, 134, 135, 138, 140, 141, 142, 143, 144, 147, 149, 150, 151, 153, 154, 155, 163, 168, 169, 172, 173, 175, 176, 178, 180, 181, 182, 188, 190, 191, 192, 193, 199, 200, 202, 205, 245, 246, 248, 249, 251, 253, 254, 255, 256, 257, 258, 260, 265], "summary": {"covered_lines": 82, "num_statements": 117, "percent_covered": 70.08547008547009, "percent_covered_display": "70", "missing_lines": 35, "excluded_lines": 0}, "missing_lines": [45, 62, 75, 76, 77, 78, 80, 82, 83, 84, 86, 87, 88, 89, 91, 92, 94, 96, 121, 209, 211, 212, 213, 217, 220, 225, 229, 230, 235, 237, 269, 270, 271, 273, 278], "excluded_lines": []}, "an_website/quotes/generator.py": {"executed_lines": [14, 16, 18, 20, 21, 31, 33, 36, 37, 39, 40, 57, 58, 60, 62, 63, 64, 66, 71, 72, 74, 76, 77, 78, 80], "summary": {"covered_lines": 23, "num_statements": 32, "percent_covered": 71.875, "percent_covered_display": "72", "missing_lines": 9, "excluded_lines": 0}, "missing_lines": [34, 42, 44, 45, 49, 50, 54, 65, 79], "excluded_lines": []}, "an_website/quotes/image.py": {"executed_lines": [14, 16, 18, 19, 20, 21, 22, 23, 24, 26, 27, 29, 30, 37, 39, 40, 41, 42, 43, 44, 48, 52, 58, 60, 63, 66, 67, 68, 69, 72, 78, 79, 81, 82, 83, 84, 85, 87, 90, 101, 110, 120, 131, 132, 133, 141, 142, 145, 156, 157, 160, 161, 162, 165, 168, 169, 176, 187, 188, 189, 190, 195, 208, 220, 221, 222, 223, 232, 233, 243, 244, 245, 254, 255, 260, 262, 263, 264, 265, 266, 267, 268, 270, 271, 272, 273, 274, 275, 278, 292, 296, 297, 299, 302, 303, 305, 314, 322, 323, 324, 326, 327, 334, 337, 343, 346, 352, 353, 354], "summary": {"covered_lines": 108, "num_statements": 128, "percent_covered": 84.375, "percent_covered_display": "84", "missing_lines": 20, "excluded_lines": 0}, "missing_lines": [111, 114, 115, 163, 170, 171, 172, 173, 175, 192, 209, 210, 269, 293, 315, 319, 320, 321, 335, 344], "excluded_lines": []}, "an_website/quotes/info.py": {"executed_lines": [14, 15, 17, 18, 19, 20, 21, 23, 24, 25, 27, 28, 29, 30, 32, 35, 36, 38, 40, 42, 43, 44, 45, 46, 47, 60, 61, 64, 72, 75, 80, 81, 85, 87, 89, 96, 100, 105, 106, 108, 109, 110, 112, 115, 123, 124, 125, 126, 127, 128, 129, 133, 136, 137, 139, 141, 143, 144, 145, 147, 148, 149, 150, 152, 155, 167, 168, 171, 172, 180, 185, 197, 199], "summary": {"covered_lines": 71, "num_statements": 84, "percent_covered": 84.52380952380952, "percent_covered_display": "85", "missing_lines": 13, "excluded_lines": 0}, "missing_lines": [73, 82, 83, 84, 107, 111, 146, 156, 159, 162, 163, 165, 170], "excluded_lines": []}, "an_website/quotes/quote_of_the_day/__init__.py": {"executed_lines": [14, 16, 18, 19, 20, 22, 24, 25, 31, 32, 38, 41, 42, 44, 48, 51, 52, 53, 54, 55, 57, 61, 63, 64, 65, 66, 83, 85, 87, 88, 90, 93, 94, 96, 100, 102, 104, 106, 107, 114, 120, 121, 123, 153, 154, 156, 163, 169, 172], "summary": {"covered_lines": 45, "num_statements": 69, "percent_covered": 65.21739130434783, "percent_covered_display": "65", "missing_lines": 24, "excluded_lines": 0}, "missing_lines": [49, 56, 67, 70, 71, 72, 73, 74, 75, 76, 77, 78, 79, 80, 81, 105, 130, 136, 137, 139, 140, 142, 143, 170], "excluded_lines": []}, "an_website/quotes/quote_of_the_day/data.py": {"executed_lines": [14, 15, 17, 18, 19, 20, 22, 25, 26, 27, 29, 30, 31, 32, 34, 36, 46, 48, 53, 55, 57, 59, 63, 65, 67], "summary": {"covered_lines": 24, "num_statements": 25, "percent_covered": 96.0, "percent_covered_display": "96", "missing_lines": 1, "excluded_lines": 0}, "missing_lines": [69], "excluded_lines": []}, "an_website/quotes/quote_of_the_day/store.py": {"executed_lines": [14, 15, 17, 18, 19, 21, 22, 24, 26, 29, 30, 32, 34, 36, 37, 41, 42, 44, 46, 49, 54, 55, 59, 60, 64, 65, 71, 72, 77, 78, 80, 82, 83, 85, 87, 88, 90, 92, 94, 96, 97, 98, 99, 100, 101, 102, 104, 106, 108, 113, 121, 134], "summary": {"covered_lines": 50, "num_statements": 70, "percent_covered": 71.42857142857143, "percent_covered_display": "71", "missing_lines": 20, "excluded_lines": 4}, "missing_lines": [39, 47, 51, 52, 93, 95, 110, 111, 115, 116, 117, 118, 119, 125, 126, 127, 132, 136, 137, 139], "excluded_lines": [57, 62, 69, 74]}, "an_website/quotes/quotes.py": {"executed_lines": [14, 20, 22, 23, 24, 25, 26, 28, 29, 31, 32, 33, 34, 35, 36, 47, 50, 52, 53, 54, 55, 56, 57, 59, 60, 61, 62, 63, 65, 68, 69, 76, 78, 79, 80, 82, 84, 86, 88, 91, 93, 94, 96, 97, 106, 107, 108, 109, 110, 111, 117, 119, 121, 124, 125, 127, 128, 129, 131, 133, 134, 135, 137, 139, 140, 141, 147, 149, 151, 157, 159, 161, 167, 168, 170, 171, 174, 175, 178, 179, 181, 183, 184, 185, 186, 189, 190, 192, 194, 195, 196, 197, 198, 199, 200, 202, 219, 221, 222, 223, 226, 230, 233, 234, 236, 248, 249, 251, 252, 253, 255, 260, 262, 266, 267, 268, 269, 271, 276, 277, 278, 287, 289, 291, 295, 296, 297, 300, 302, 303, 304, 314, 315, 317, 319, 324, 333, 336, 339, 341, 343, 345, 347, 386, 388, 393, 397, 409, 426, 427, 429, 431, 436, 438, 442, 443, 444, 449], "summary": {"covered_lines": 153, "num_statements": 201, "percent_covered": 76.11940298507463, "percent_covered_display": "76", "missing_lines": 48, "excluded_lines": 0}, "missing_lines": [81, 83, 85, 87, 100, 101, 104, 105, 112, 113, 114, 115, 172, 224, 240, 241, 270, 288, 298, 334, 335, 340, 342, 344, 353, 354, 356, 358, 359, 361, 365, 366, 368, 369, 371, 373, 375, 378, 381, 382, 384, 413, 414, 415, 420, 421, 422, 423], "excluded_lines": []}, "an_website/quotes/share.py": {"executed_lines": [14, 16, 18, 20, 23, 24, 26, 30, 31, 32, 33, 34], "summary": {"covered_lines": 11, "num_statements": 11, "percent_covered": 100.0, "percent_covered_display": "100", "missing_lines": 0, "excluded_lines": 0}, "missing_lines": [], "excluded_lines": []}, "an_website/quotes/utils.py": {"executed_lines": [14, 16, 18, 19, 20, 21, 22, 23, 24, 25, 26, 27, 28, 29, 31, 32, 33, 34, 35, 36, 38, 39, 46, 47, 49, 51, 53, 55, 56, 57, 61, 62, 65, 66, 67, 69, 70, 72, 77, 82, 83, 84, 86, 87, 89, 91, 93, 99, 103, 105, 118, 120, 121, 123, 124, 127, 128, 129, 131, 132, 133, 135, 137, 143, 147, 149, 156, 160, 161, 162, 163, 167, 168, 169, 171, 172, 173, 174, 176, 182, 184, 186, 194, 195, 196, 199, 205, 207, 213, 214, 215, 217, 219, 227, 254, 262, 264, 265, 267, 268, 270, 271, 272, 273, 274, 275, 276, 277, 278, 281, 286, 287, 289, 290, 291, 294, 299, 300, 301, 302, 303, 304, 307, 314, 315, 343, 345, 348, 351, 353, 354, 357, 358, 359, 360, 361, 363, 365, 368, 370, 373, 375, 381, 383, 386, 388, 389, 390, 392, 393, 394, 395, 396, 397, 399, 404, 407, 411, 412, 414, 415, 416, 418, 419, 420, 421, 427, 430, 433, 435, 438, 441, 455, 524, 585, 587, 588, 589, 593, 595, 596, 597, 601, 605, 606, 607, 608, 610, 612, 615, 622, 626, 629, 632, 634, 637, 639, 642, 644, 647, 649, 655, 684, 685, 687, 689, 694, 695, 696, 697], "summary": {"covered_lines": 205, "num_statements": 301, "percent_covered": 68.10631229235881, "percent_covered_display": "68", "missing_lines": 96, "excluded_lines": 1}, "missing_lines": [79, 101, 145, 164, 187, 191, 192, 197, 234, 235, 244, 263, 288, 316, 324, 325, 333, 340, 347, 355, 431, 434, 436, 446, 447, 448, 449, 451, 452, 458, 459, 460, 461, 463, 464, 468, 472, 476, 477, 480, 481, 482, 483, 485, 486, 488, 489, 492, 493, 494, 497, 498, 500, 501, 505, 508, 509, 510, 511, 512, 513, 514, 515, 516, 517, 519, 520, 521, 531, 532, 533, 534, 536, 537, 541, 542, 548, 549, 553, 554, 560, 561, 565, 566, 572, 578, 590, 598, 627, 667, 668, 669, 671, 681, 691, 692], "excluded_lines": [74]}, "an_website/redirect/__init__.py": {"executed_lines": [14, 16, 18, 19, 21], "summary": {"covered_lines": 5, "num_statements": 5, "percent_covered": 100.0, "percent_covered_display": "100", "missing_lines": 0, "excluded_lines": 0}, "missing_lines": [], "excluded_lines": []}, "an_website/redirect/redirect.py": {"executed_lines": [14, 21, 23, 25, 26, 27, 30, 32, 45, 46, 48, 52, 53, 54, 56, 59, 61, 63, 64, 70, 75], "summary": {"covered_lines": 20, "num_statements": 21, "percent_covered": 95.23809523809524, "percent_covered_display": "95", "missing_lines": 1, "excluded_lines": 0}, "missing_lines": [68], "excluded_lines": []}, "an_website/reporting/__init__.py": {"executed_lines": [14, 16, 18, 19, 21], "summary": {"covered_lines": 5, "num_statements": 5, "percent_covered": 100.0, "percent_covered_display": "100", "missing_lines": 0, "excluded_lines": 0}, "missing_lines": [], "excluded_lines": []}, "an_website/reporting/reporting.py": {"executed_lines": [14, 16, 18, 19, 20, 22, 23, 24, 25, 26, 28, 29, 30, 32, 35, 37, 51, 61, 62, 80, 90, 100, 110, 111, 113, 117, 118, 120, 121, 123, 125, 127, 129, 132, 133, 135, 136, 137, 138, 140, 141, 142, 144, 145, 153, 154, 166], "summary": {"covered_lines": 46, "num_statements": 91, "percent_covered": 50.54945054945055, "percent_covered_display": "51", "missing_lines": 45, "excluded_lines": 0}, "missing_lines": [81, 91, 107, 130, 156, 157, 164, 169, 173, 174, 177, 178, 181, 182, 183, 184, 185, 186, 187, 196, 197, 198, 205, 207, 208, 209, 210, 211, 216, 217, 218, 219, 220, 221, 222, 223, 224, 225, 234, 235, 236, 239, 240, 241, 242], "excluded_lines": []}, "an_website/search/__init__.py": {"executed_lines": [14, 16, 18, 19, 21], "summary": {"covered_lines": 5, "num_statements": 5, "percent_covered": 100.0, "percent_covered_display": "100", "missing_lines": 0, "excluded_lines": 0}, "missing_lines": [], "excluded_lines": []}, "an_website/search/search.py": {"executed_lines": [14, 15, 17, 18, 19, 21, 22, 24, 25, 27, 30, 32, 45, 46, 48, 50, 51, 52, 58, 60, 62, 64, 73, 75, 121, 123, 125, 126, 127, 128, 139, 140, 141, 142, 154, 156, 159, 160, 162, 164], "summary": {"covered_lines": 38, "num_statements": 48, "percent_covered": 79.16666666666667, "percent_covered_display": "79", "missing_lines": 10, "excluded_lines": 0}, "missing_lines": [65, 66, 69, 70, 71, 72, 79, 166, 167, 168], "excluded_lines": []}, "an_website/services_list/__init__.py": {"executed_lines": [14, 16, 18, 19, 21], "summary": {"covered_lines": 5, "num_statements": 5, "percent_covered": 100.0, "percent_covered_display": "100", "missing_lines": 0, "excluded_lines": 0}, "missing_lines": [], "excluded_lines": []}, "an_website/services_list/services.py": {"executed_lines": [14, 16, 18, 20, 21, 24, 26, 36, 37, 38, 40, 41, 42, 43, 46, 99, 100, 102, 104, 105, 106], "summary": {"covered_lines": 19, "num_statements": 19, "percent_covered": 100.0, "percent_covered_display": "100", "missing_lines": 0, "excluded_lines": 0}, "missing_lines": [], "excluded_lines": []}, "an_website/settings/__init__.py": {"executed_lines": [14, 16, 18, 19, 21], "summary": {"covered_lines": 5, "num_statements": 5, "percent_covered": 100.0, "percent_covered_display": "100", "missing_lines": 0, "excluded_lines": 0}, "missing_lines": [], "excluded_lines": []}, "an_website/settings/settings.py": {"executed_lines": [14, 16, 18, 19, 21, 22, 33, 35, 49, 50, 52, 54, 55, 56, 71, 73, 74, 75, 76, 79, 80, 82, 84, 85, 89, 90, 92, 93, 94, 95, 96, 97, 98, 100, 112, 124, 125, 127, 143, 145, 146, 147, 148], "summary": {"covered_lines": 42, "num_statements": 43, "percent_covered": 97.67441860465117, "percent_covered_display": "98", "missing_lines": 1, "excluded_lines": 0}, "missing_lines": [91], "excluded_lines": []}, "an_website/soundboard/__init__.py": {"executed_lines": [14, 16, 18, 19, 21, 23, 24, 25, 27, 30, 32], "summary": {"covered_lines": 11, "num_statements": 11, "percent_covered": 100.0, "percent_covered_display": "100", "missing_lines": 0, "excluded_lines": 0}, "missing_lines": [], "excluded_lines": []}, "an_website/soundboard/data.py": {"executed_lines": [14, 16, 18, 19, 20, 21, 22, 23, 25, 26, 28, 29, 31, 33, 34, 37, 38, 40, 42, 43, 44, 45, 47, 48, 51, 52, 55, 58, 60, 61, 79, 80, 81, 83, 85, 96, 97, 98, 100, 101, 103, 114, 115, 121, 128, 129, 130, 132, 133, 134, 136, 149, 151, 157, 159, 161, 167, 168, 169, 170, 171, 188, 190, 191, 192, 193, 194, 196, 197, 198, 199, 200, 201, 220, 221, 222, 224, 225, 226, 228, 229, 230, 232, 233, 234, 236, 237, 238, 239, 242, 243, 245], "summary": {"covered_lines": 89, "num_statements": 102, "percent_covered": 87.25490196078431, "percent_covered_display": "87", "missing_lines": 13, "excluded_lines": 0}, "missing_lines": [63, 64, 65, 66, 68, 69, 76, 93, 138, 139, 141, 142, 144], "excluded_lines": []}, "an_website/soundboard/soundboard.py": {"executed_lines": [14, 16, 18, 19, 20, 22, 24, 25, 37, 38, 40, 41, 43, 44, 45, 46, 48, 49, 54, 60, 61, 62, 63, 64, 65, 66, 67, 80, 81, 84, 85, 87, 90, 91, 93, 95, 96, 98, 99, 100, 102, 103, 105, 107, 118, 122, 123, 125, 126, 127, 128, 129, 130, 132, 133, 134, 135, 142, 143, 144, 149, 151, 153, 154, 155, 156, 157, 158, 159, 163, 164, 166, 167, 168, 174, 175, 177, 181, 183, 185, 189, 190, 192, 193, 198, 199], "summary": {"covered_lines": 84, "num_statements": 88, "percent_covered": 95.45454545454545, "percent_covered_display": "95", "missing_lines": 4, "excluded_lines": 0}, "missing_lines": [137, 160, 161, 191], "excluded_lines": []}, "an_website/swapped_words/__init__.py": {"executed_lines": [14, 16, 18, 19, 21, 22, 23, 25, 28, 30], "summary": {"covered_lines": 10, "num_statements": 10, "percent_covered": 100.0, "percent_covered_display": "100", "missing_lines": 0, "excluded_lines": 0}, "missing_lines": [], "excluded_lines": []}, "an_website/swapped_words/config_file.py": {"executed_lines": [14, 15, 17, 18, 20, 21, 24, 31, 38, 41, 42, 44, 45, 47, 48, 50, 51, 53, 55, 61, 62, 63, 71, 74, 75, 77, 82, 83, 84, 86, 88, 90, 93, 94, 95, 97, 98, 100, 102, 106, 108, 110, 112, 113, 114, 115, 123, 128, 129, 130, 133, 135, 138, 139, 140, 141, 142, 144, 146, 149, 150, 151, 154, 156, 158, 159, 160, 161, 163, 164, 165, 166, 167, 168, 170, 172, 175, 177, 181, 190, 211, 212, 217, 219, 222, 223, 225, 226, 227, 229, 230, 231, 232, 236, 237, 239, 241, 242, 243, 247, 248, 250, 251, 252, 255, 256, 257, 262, 263, 264, 266, 267, 268, 270, 272, 278, 279, 281, 283, 284, 285, 287, 289, 297, 299, 310, 312, 313, 314, 318, 320, 321, 322, 323, 324, 325, 329, 331, 333, 335, 336, 337, 338, 343, 351, 356, 358, 361, 363], "summary": {"covered_lines": 142, "num_statements": 147, "percent_covered": 96.59863945578232, "percent_covered_display": "97", "missing_lines": 5, "excluded_lines": 3}, "missing_lines": [220, 233, 259, 316, 327], "excluded_lines": [79, 104, 125]}, "an_website/swapped_words/swap.py": {"executed_lines": [14, 16, 18, 19, 20, 21, 22, 24, 26, 27, 28, 30, 33, 35, 36, 39, 41, 43, 44, 54, 55, 56, 58, 59, 60, 61, 62, 64, 66, 67, 68, 69, 71, 73, 74, 75, 78, 79, 81, 82, 85, 87, 89, 90, 94, 96, 99, 108, 109, 114, 115, 116, 125, 134, 135, 137, 140, 141, 143, 145, 146, 149, 150, 156, 157, 164, 169, 170, 171, 177, 179], "summary": {"covered_lines": 68, "num_statements": 68, "percent_covered": 100.0, "percent_covered_display": "100", "missing_lines": 0, "excluded_lines": 0}, "missing_lines": [], "excluded_lines": []}, "an_website/troet/__init__.py": {"executed_lines": [14, 16, 18, 19, 21], "summary": {"covered_lines": 5, "num_statements": 5, "percent_covered": 100.0, "percent_covered_display": "100", "missing_lines": 0, "excluded_lines": 0}, "missing_lines": [], "excluded_lines": []}, "an_website/troet/troet.py": {"executed_lines": [14, 16, 18, 19, 21, 22, 25, 27, 38, 39, 41, 43, 44, 45, 47, 48, 50, 51, 52, 53, 54, 55, 56, 57, 63, 64, 67, 69, 70, 72, 79, 81], "summary": {"covered_lines": 31, "num_statements": 31, "percent_covered": 100.0, "percent_covered_display": "100", "missing_lines": 0, "excluded_lines": 0}, "missing_lines": [], "excluded_lines": []}, "an_website/update/__init__.py": {"executed_lines": [14, 16, 18, 19, 21], "summary": {"covered_lines": 5, "num_statements": 5, "percent_covered": 100.0, "percent_covered_display": "100", "missing_lines": 0, "excluded_lines": 0}, "missing_lines": [], "excluded_lines": []}, "an_website/update/update.py": {"executed_lines": [14, 16, 18, 19, 20, 21, 22, 23, 24, 25, 30, 31, 33, 35, 36, 37, 39, 42, 44, 56, 65, 66, 67, 69, 70, 72, 73, 74, 75, 77, 80, 83, 93], "summary": {"covered_lines": 32, "num_statements": 60, "percent_covered": 53.333333333333336, "percent_covered_display": "53", "missing_lines": 28, "excluded_lines": 0}, "missing_lines": [58, 59, 60, 61, 62, 78, 81, 84, 85, 86, 87, 88, 89, 96, 97, 98, 99, 100, 111, 112, 113, 114, 115, 116, 117, 118, 119, 121], "excluded_lines": []}, "an_website/uptime/__init__.py": {"executed_lines": [14, 16, 18, 19, 21], "summary": {"covered_lines": 5, "num_statements": 5, "percent_covered": 100.0, "percent_covered_display": "100", "missing_lines": 0, "excluded_lines": 0}, "missing_lines": [], "excluded_lines": []}, "an_website/uptime/uptime.py": {"executed_lines": [14, 16, 18, 19, 20, 22, 23, 24, 26, 27, 28, 29, 32, 34, 35, 36, 37, 40, 42, 57, 59, 62, 64, 65, 68, 70, 71, 73, 81, 85, 106, 107, 113, 116, 124, 143, 144, 146, 148, 150, 151, 152, 153, 158, 159, 167, 168, 170, 171, 173, 206, 207, 209, 211, 213, 214, 215, 216, 221], "summary": {"covered_lines": 56, "num_statements": 66, "percent_covered": 84.84848484848484, "percent_covered_display": "85", "missing_lines": 10, "excluded_lines": 0}, "missing_lines": [175, 176, 177, 178, 179, 195, 196, 199, 200, 201], "excluded_lines": []}, "an_website/utils/__init__.py": {"executed_lines": [14, 16, 18, 19, 20, 22, 28, 30, 33, 35], "summary": {"covered_lines": 9, "num_statements": 9, "percent_covered": 100.0, "percent_covered_display": "100", "missing_lines": 0, "excluded_lines": 1}, "missing_lines": [], "excluded_lines": [35]}, "an_website/utils/base_request_handler.py": {"executed_lines": [14, 20, 22, 23, 24, 25, 26, 27, 28, 29, 30, 31, 32, 33, 34, 35, 37, 38, 39, 40, 41, 42, 43, 44, 45, 46, 53, 60, 61, 78, 80, 89, 90, 94, 99, 100, 101, 102, 103, 104, 106, 108, 110, 111, 112, 114, 115, 116, 117, 118, 119, 121, 122, 126, 127, 129, 131, 132, 136, 137, 141, 143, 144, 145, 147, 150, 151, 153, 154, 155, 157, 159, 160, 170, 171, 173, 175, 176, 178, 180, 193, 196, 197, 199, 209, 211, 213, 225, 226, 227, 228, 229, 230, 231, 232, 233, 241, 242, 243, 244, 245, 246, 247, 248, 249, 250, 251, 252, 253, 254, 255, 257, 270, 278, 279, 280, 282, 286, 287, 289, 290, 291, 292, 294, 300, 301, 308, 310, 311, 312, 314, 316, 317, 319, 321, 322, 324, 328, 330, 332, 339, 351, 354, 355, 357, 361, 363, 364, 365, 366, 367, 368, 369, 370, 371, 372, 373, 374, 379, 388, 394, 395, 396, 400, 402, 403, 404, 405, 407, 409, 411, 413, 415, 419, 421, 423, 425, 429, 431, 433, 435, 436, 440, 442, 444, 446, 448, 450, 454, 456, 460, 462, 464, 466, 468, 469, 470, 472, 474, 475, 476, 482, 484, 488, 490, 496, 499, 502, 510, 512, 516, 518, 522, 523, 524, 525, 526, 528, 530, 532, 535, 536, 538, 553, 554, 555, 556, 557, 558, 559, 563, 566, 567, 568, 572, 573, 588, 589, 591, 592, 593, 594, 596, 598, 605, 608, 609, 610, 611, 612, 614, 615, 618, 620, 621, 631, 634, 640, 645, 646, 648, 649, 652, 657, 658, 659, 663, 664, 665, 668, 672, 673, 678, 680, 691, 692, 694, 698, 699, 700, 702, 704, 710, 770, 772, 779, 789, 790, 792, 794, 795, 797, 799, 801, 802, 805, 806, 808, 819, 821, 823, 833, 835, 836, 846, 871, 873, 874, 875, 876, 877, 878, 889, 891, 892, 893, 894, 898, 900, 902, 904, 908, 909, 914, 918, 921, 925, 931, 932, 933, 934, 935, 939, 940, 941, 945, 946, 948, 949, 955, 960, 963, 965, 966, 968, 981], "summary": {"covered_lines": 345, "num_statements": 430, "percent_covered": 80.23255813953489, "percent_covered_display": "80", "missing_lines": 85, "excluded_lines": 0}, "missing_lines": [124, 134, 139, 156, 168, 194, 281, 302, 303, 304, 305, 306, 342, 345, 348, 362, 375, 389, 390, 391, 392, 393, 397, 398, 432, 438, 463, 477, 478, 479, 480, 483, 517, 531, 533, 569, 570, 601, 602, 603, 613, 619, 622, 626, 627, 628, 629, 635, 636, 638, 641, 650, 655, 666, 684, 689, 712, 713, 717, 719, 720, 731, 734, 735, 736, 757, 758, 760, 761, 762, 763, 765, 766, 768, 780, 781, 787, 840, 920, 961, 969, 970, 971, 972, 973], "excluded_lines": []}, "an_website/utils/data_parsing.py": {"executed_lines": [14, 16, 18, 19, 20, 21, 22, 23, 24, 25, 27, 29, 31, 34, 42, 45, 47, 52, 54, 55, 56, 57, 58, 61, 63, 64, 65, 67, 69, 71, 72, 74, 77, 86, 88, 90, 92, 94, 95, 99, 114, 129, 141, 143, 144, 145, 146, 148, 149, 152, 154, 155, 156, 157, 158, 159, 161, 162, 164, 165, 166, 167, 172, 174, 177, 182, 183, 184, 185, 186, 187, 188, 189, 190, 193, 194, 195, 197, 199], "summary": {"covered_lines": 79, "num_statements": 129, "percent_covered": 61.24031007751938, "percent_covered_display": "61", "missing_lines": 50, "excluded_lines": 0}, "missing_lines": [43, 59, 62, 66, 68, 70, 79, 80, 81, 82, 83, 89, 91, 93, 96, 101, 102, 103, 104, 105, 106, 107, 108, 109, 110, 111, 116, 117, 118, 119, 120, 121, 122, 123, 124, 125, 126, 133, 134, 135, 136, 150, 160, 163, 168, 169, 170, 171, 191, 192], "excluded_lines": []}, "an_website/utils/logging.py": {"executed_lines": [14, 16, 18, 19, 20, 21, 22, 23, 24, 25, 26, 28, 29, 31, 34, 35, 37, 38, 40, 51, 59, 72, 95, 96, 98, 100, 110, 111, 113, 115, 125, 126, 128, 129, 131, 144], "summary": {"covered_lines": 32, "num_statements": 69, "percent_covered": 46.3768115942029, "percent_covered_display": "46", "missing_lines": 37, "excluded_lines": 1}, "missing_lines": [47, 48, 49, 53, 54, 55, 57, 76, 79, 80, 81, 82, 83, 84, 85, 88, 89, 91, 92, 104, 105, 106, 107, 117, 118, 119, 120, 121, 122, 140, 141, 142, 147, 148, 149, 156, 157], "excluded_lines": [68]}, "an_website/utils/request_handler.py": {"executed_lines": [14, 20, 22, 23, 24, 25, 26, 27, 28, 30, 31, 32, 33, 34, 35, 36, 37, 39, 40, 41, 42, 43, 54, 57, 58, 60, 66, 68, 70, 74, 75, 76, 77, 83, 85, 87, 93, 94, 97, 129, 131, 133, 140, 141, 145, 146, 149, 151, 158, 159, 201, 211, 213, 215, 216, 218, 220, 234, 235, 241, 245, 247, 249, 251, 253, 259, 260, 262, 264, 265, 266, 268, 270, 272, 274, 275, 276, 279, 280, 281, 283, 285, 286, 287, 289, 290, 292, 294, 295, 297, 298, 300, 301, 302, 309, 311, 312, 313, 325, 327, 328, 330, 331, 333, 334, 337, 338, 340, 342, 343, 347, 348, 349, 358, 359, 361, 369, 370, 372, 377, 382, 384, 394, 395, 397, 398, 403, 405, 406, 407, 408, 409, 410, 411, 412, 413, 416, 417, 421], "summary": {"covered_lines": 133, "num_statements": 140, "percent_covered": 95.0, "percent_covered_display": "95", "missing_lines": 7, "excluded_lines": 0}, "missing_lines": [88, 95, 363, 364, 365, 366, 404], "excluded_lines": []}, "an_website/utils/static_file_handling.py": {"executed_lines": [14, 16, 18, 19, 20, 21, 22, 23, 24, 26, 27, 28, 29, 31, 32, 33, 35, 38, 40, 41, 44, 46, 53, 54, 55, 58, 60, 65, 67, 79, 88, 91, 94, 95, 97, 98, 99, 101, 103, 104, 105, 106, 111, 112, 114, 116, 119, 121, 132, 137, 144, 145, 147, 149, 150, 152, 156, 159, 160, 162, 165, 166, 168, 170, 172, 173, 180, 182, 183, 188], "summary": {"covered_lines": 67, "num_statements": 74, "percent_covered": 90.54054054054055, "percent_covered_display": "91", "missing_lines": 7, "excluded_lines": 2}, "missing_lines": [100, 102, 107, 108, 135, 161, 178], "excluded_lines": [79, 81]}, "an_website/utils/utils.py": {"executed_lines": [14, 16, 18, 19, 20, 21, 22, 23, 24, 25, 26, 27, 28, 29, 30, 41, 43, 44, 45, 46, 47, 48, 49, 50, 51, 53, 55, 57, 60, 66, 67, 70, 72, 79, 106, 107, 109, 110, 111, 112, 113, 118, 119, 120, 122, 123, 124, 126, 127, 128, 130, 138, 139, 141, 144, 145, 146, 147, 148, 153, 155, 179, 180, 181, 187, 188, 189, 191, 193, 194, 195, 197, 199, 201, 202, 204, 205, 206, 208, 210, 211, 213, 214, 215, 216, 217, 219, 222, 223, 225, 227, 228, 230, 231, 237, 239, 241, 247, 249, 251, 252, 255, 256, 259, 260, 262, 263, 265, 269, 270, 271, 272, 273, 274, 276, 278, 289, 293, 296, 298, 299, 300, 301, 302, 303, 305, 306, 307, 308, 313, 342, 344, 347, 349, 352, 354, 357, 359, 362, 364, 369, 371, 376, 379, 389, 399, 402, 403, 404, 415, 416, 437, 438, 467, 472, 473, 476, 518, 520, 521, 528, 531, 532, 533, 534, 535, 540, 543, 561, 570, 572, 575, 578, 579, 580, 581, 582, 583, 586, 588, 595, 597, 600, 602, 603, 604, 605, 606, 607, 610, 612, 615, 616, 617, 619, 622, 671, 673, 674, 675, 678, 680, 681, 687, 688, 689, 701, 710, 718, 719, 722, 724, 726, 727, 728, 742, 743, 756, 757, 759, 760, 761, 764, 766, 767, 770], "summary": {"covered_lines": 222, "num_statements": 325, "percent_covered": 68.3076923076923, "percent_covered_display": "68", "missing_lines": 103, "excluded_lines": 0}, "missing_lines": [150, 157, 158, 160, 161, 163, 165, 167, 168, 170, 171, 172, 173, 174, 176, 238, 248, 294, 310, 317, 318, 319, 320, 321, 322, 323, 324, 327, 328, 329, 330, 334, 335, 336, 339, 400, 405, 409, 412, 426, 427, 432, 433, 435, 457, 458, 462, 465, 468, 479, 480, 482, 484, 485, 486, 488, 494, 495, 497, 498, 499, 500, 502, 504, 505, 506, 507, 509, 511, 512, 513, 515, 547, 548, 549, 550, 553, 554, 564, 565, 567, 618, 634, 635, 636, 637, 639, 649, 653, 654, 655, 656, 657, 659, 660, 661, 662, 663, 664, 665, 668, 725, 758], "excluded_lines": []}, "an_website/version/__init__.py": {"executed_lines": [14, 16, 18, 19, 21], "summary": {"covered_lines": 5, "num_statements": 5, "percent_covered": 100.0, "percent_covered_display": "100", "missing_lines": 0, "excluded_lines": 0}, "missing_lines": [], "excluded_lines": []}, "an_website/version/version.py": {"executed_lines": [14, 16, 18, 19, 20, 21, 23, 25, 26, 27, 28, 30, 31, 34, 36, 49, 51, 54, 56, 63, 65, 66, 67, 68, 69, 70, 73, 75, 76, 78, 79, 80, 81, 84, 85, 87, 89, 90, 91, 94, 95, 97, 99, 100, 101], "summary": {"covered_lines": 43, "num_statements": 43, "percent_covered": 100.0, "percent_covered_display": "100", "missing_lines": 0, "excluded_lines": 0}, "missing_lines": [], "excluded_lines": []}, "an_website/whats_my_ip/__init__.py": {"executed_lines": [14, 16, 18, 19, 21], "summary": {"covered_lines": 5, "num_statements": 5, "percent_covered": 100.0, "percent_covered_display": "100", "missing_lines": 0, "excluded_lines": 0}, "missing_lines": [], "excluded_lines": []}, "an_website/whats_my_ip/ip.py": {"executed_lines": [14, 16, 18, 20, 21, 24, 26, 41, 42, 44, 46, 47, 49, 55, 58, 59, 61, 63, 64, 66, 72], "summary": {"covered_lines": 19, "num_statements": 21, "percent_covered": 90.47619047619048, "percent_covered_display": "90", "missing_lines": 2, "excluded_lines": 0}, "missing_lines": [50, 67], "excluded_lines": []}, "an_website/wiki/__init__.py": {"executed_lines": [14, 16, 18, 19, 21], "summary": {"covered_lines": 5, "num_statements": 5, "percent_covered": 100.0, "percent_covered_display": "100", "missing_lines": 0, "excluded_lines": 0}, "missing_lines": [], "excluded_lines": []}, "an_website/wiki/wiki.py": {"executed_lines": [14, 16, 18, 19, 22, 24, 41, 42, 44, 46, 47, 48], "summary": {"covered_lines": 11, "num_statements": 11, "percent_covered": 100.0, "percent_covered_display": "100", "missing_lines": 0, "excluded_lines": 0}, "missing_lines": [], "excluded_lines": []}}, "totals": {"covered_lines": 3712, "num_statements": 4736, "percent_covered": 78.37837837837837, "percent_covered_display": "78", "missing_lines": 1024, "excluded_lines": 166}}