{"meta": {"version": "6.4.2", "timestamp": "2022-08-01T08:06:21.004143", "branch_coverage": false, "show_contexts": false}, "files": {"an_website/__init__.py": {"executed_lines": [14, 16, 18, 19, 20, 21, 22, 24, 25, 27, 28, 36, 38, 40, 41, 43, 44, 45, 46, 47, 49, 50, 52, 56, 58, 59, 63, 65, 66, 68], "summary": {"covered_lines": 30, "num_statements": 33, "percent_covered": 90.9090909090909, "percent_covered_display": "91", "missing_lines": 3, "excluded_lines": 2}, "missing_lines": [29, 31, 33], "excluded_lines": [60, 61]}, "an_website/backdoor/__init__.py": {"executed_lines": [14, 16, 18, 20], "summary": {"covered_lines": 4, "num_statements": 4, "percent_covered": 100.0, "percent_covered_display": "100", "missing_lines": 0, "excluded_lines": 0}, "missing_lines": [], "excluded_lines": []}, "an_website/backdoor/backdoor.py": {"executed_lines": [14, 16, 18, 19, 20, 21, 22, 23, 24, 25, 26, 27, 29, 30, 31, 33, 34, 35, 37, 39, 42, 44, 53, 54, 56, 57, 58, 59, 61, 62, 65, 66, 68, 70, 71, 72, 74, 76, 78, 79, 80, 81, 82, 83, 84, 85, 86, 87, 90, 98, 100, 102, 104, 106, 107, 108, 110, 112, 114, 115, 121, 122, 124, 126, 127, 128, 132, 133, 135, 142, 155, 159, 160, 161, 162, 164, 167, 168, 170, 171, 179, 187, 188, 190, 191, 194, 195, 198, 199, 200, 201, 204, 205, 206, 209, 210, 211, 212, 213, 217, 218, 219, 220, 221, 224, 225, 226, 227, 228, 229, 231, 232, 237, 238, 241, 242, 244, 245, 246, 247, 248, 249, 250, 256, 257, 266, 274, 276, 277, 279, 281, 282, 285, 293], "summary": {"covered_lines": 131, "num_statements": 150, "percent_covered": 87.33333333333333, "percent_covered_display": "87", "missing_lines": 19, "excluded_lines": 1}, "missing_lines": [88, 89, 143, 144, 145, 146, 147, 148, 149, 152, 153, 207, 208, 214, 215, 261, 262, 286, 292], "excluded_lines": [229]}, "an_website/contact/__init__.py": {"executed_lines": [14, 16, 18, 20], "summary": {"covered_lines": 4, "num_statements": 4, "percent_covered": 100.0, "percent_covered_display": "100", "missing_lines": 0, "excluded_lines": 0}, "missing_lines": [], "excluded_lines": []}, "an_website/contact/contact.py": {"executed_lines": [14, 16, 18, 19, 20, 21, 22, 23, 24, 25, 26, 27, 28, 29, 30, 31, 33, 35, 36, 37, 39, 42, 44, 55, 59, 66, 74, 76, 80, 81, 83, 86, 118, 132, 133, 134, 137, 141, 143, 144, 146, 147, 148, 149, 150, 151, 153, 155, 158, 164, 165, 166, 167, 169, 172, 173, 175, 176, 177, 179, 181, 183, 185, 186, 188, 191, 192, 195, 197, 203], "summary": {"covered_lines": 69, "num_statements": 106, "percent_covered": 65.09433962264151, "percent_covered_display": "65", "missing_lines": 37, "excluded_lines": 0}, "missing_lines": [84, 135, 142, 152, 154, 184, 193, 205, 206, 208, 209, 210, 211, 212, 216, 218, 219, 220, 222, 223, 224, 230, 232, 237, 238, 239, 249, 250, 252, 253, 260, 263, 265, 266, 267, 269, 283], "excluded_lines": []}, "an_website/currency_converter/__init__.py": {"executed_lines": [14, 16, 18, 20], "summary": {"covered_lines": 4, "num_statements": 4, "percent_covered": 100.0, "percent_covered_display": "100", "missing_lines": 0, "excluded_lines": 0}, "missing_lines": [], "excluded_lines": []}, "an_website/currency_converter/converter.py": {"executed_lines": [14, 16, 18, 19, 20, 22, 23, 25, 26, 29, 31, 58, 60, 62, 63, 65, 66, 68, 69, 70, 72, 73, 75, 76, 78, 81, 87, 88, 89, 90, 91, 94, 96, 104, 110, 111, 112, 113, 118, 119, 120, 127, 128, 129, 135, 139, 140, 141, 142, 151, 152, 157, 158, 160, 165, 167, 168, 170, 173, 174, 177, 179, 182, 187, 188, 189, 190, 191, 193, 194, 197, 200, 201, 203, 209, 211, 212, 213, 216, 218, 232, 234, 236, 237, 238, 239, 243, 244, 246, 260, 267, 268, 270, 276, 278, 279, 281, 282], "summary": {"covered_lines": 96, "num_statements": 112, "percent_covered": 85.71428571428571, "percent_covered_display": "86", "missing_lines": 16, "excluded_lines": 0}, "missing_lines": [214, 219, 221, 222, 226, 227, 229, 231, 241, 247, 248, 257, 258, 284, 285, 287], "excluded_lines": []}, "an_website/discord/__init__.py": {"executed_lines": [14, 16, 18, 20], "summary": {"covered_lines": 4, "num_statements": 4, "percent_covered": 100.0, "percent_covered_display": "100", "missing_lines": 0, "excluded_lines": 0}, "missing_lines": [], "excluded_lines": []}, "an_website/discord/discord.py": {"executed_lines": [14, 16, 18, 19, 21, 22, 23, 25, 26, 27, 29, 31, 37, 39, 61, 72, 81, 84, 85, 88, 89, 90, 91, 92, 124, 128, 129, 130, 131, 133, 135, 136, 141, 143, 146, 147, 149, 151, 153, 154, 155, 156, 165, 166, 168, 169, 171, 175, 176, 177, 178, 181, 182, 184, 185], "summary": {"covered_lines": 52, "num_statements": 69, "percent_covered": 75.3623188405797, "percent_covered_display": "75", "missing_lines": 17, "excluded_lines": 0}, "missing_lines": [63, 69, 93, 96, 97, 100, 101, 107, 108, 109, 112, 116, 121, 132, 137, 138, 139], "excluded_lines": []}, "an_website/element_web_link/__init__.py": {"executed_lines": [14, 16, 18, 20], "summary": {"covered_lines": 4, "num_statements": 4, "percent_covered": 100.0, "percent_covered_display": "100", "missing_lines": 0, "excluded_lines": 0}, "missing_lines": [], "excluded_lines": []}, "an_website/element_web_link/element_web_link.py": {"executed_lines": [14, 16, 18, 20, 23, 25], "summary": {"covered_lines": 6, "num_statements": 6, "percent_covered": 100.0, "percent_covered_display": "100", "missing_lines": 0, "excluded_lines": 0}, "missing_lines": [], "excluded_lines": []}, "an_website/emoji_chat/__init__.py": {"executed_lines": [14, 16, 18, 20], "summary": {"covered_lines": 4, "num_statements": 4, "percent_covered": 100.0, "percent_covered_display": "100", "missing_lines": 0, "excluded_lines": 0}, "missing_lines": [], "excluded_lines": []}, "an_website/emoji_chat/emoji_chat.py": {"executed_lines": [14, 16, 18, 19, 20, 21, 22, 23, 24, 26, 27, 28, 29, 30, 32, 33, 34, 35, 37, 39, 42, 44, 57, 58, 61, 66, 98, 105, 108, 111, 125, 142, 144, 147, 148, 150, 151, 152, 153, 155, 156, 157, 158, 160, 166, 169, 170, 172, 176, 178, 183, 184, 187, 190, 198, 200, 202, 204, 206, 214, 235, 240, 241, 243, 245, 252, 253, 255, 265, 268, 269, 271, 272, 274, 280, 299, 318, 327, 331, 363, 372], "summary": {"covered_lines": 77, "num_statements": 139, "percent_covered": 55.39568345323741, "percent_covered_display": "55", "missing_lines": 62, "excluded_lines": 4}, "missing_lines": [63, 73, 78, 82, 85, 113, 114, 116, 117, 119, 120, 122, 127, 129, 134, 135, 137, 139, 167, 216, 217, 219, 221, 222, 224, 231, 257, 275, 276, 277, 278, 282, 283, 284, 285, 286, 287, 293, 295, 301, 302, 311, 312, 313, 314, 316, 319, 320, 322, 324, 325, 333, 334, 335, 337, 340, 341, 343, 354, 355, 359, 365], "excluded_lines": [237, 329, 374, 375]}, "an_website/endpoints/__init__.py": {"executed_lines": [14, 16, 18, 20], "summary": {"covered_lines": 4, "num_statements": 4, "percent_covered": 100.0, "percent_covered_display": "100", "missing_lines": 0, "excluded_lines": 0}, "missing_lines": [], "excluded_lines": []}, "an_website/endpoints/endpoints.py": {"executed_lines": [14, 16, 18, 19, 21, 22, 23, 26, 28, 42, 43, 45, 47, 48, 49, 55, 59, 60, 61, 75, 76, 83, 86, 87, 89, 93, 95, 103], "summary": {"covered_lines": 26, "num_statements": 27, "percent_covered": 96.29629629629629, "percent_covered_display": "96", "missing_lines": 1, "excluded_lines": 0}, "missing_lines": [96], "excluded_lines": []}, "an_website/hangman_solver/__init__.py": {"executed_lines": [14, 16, 18, 19, 21, 23, 26, 29, 35, 36, 38, 40, 42, 44, 45, 47, 49, 52, 54, 57, 60, 61, 63, 66, 69, 70, 72, 76], "summary": {"covered_lines": 28, "num_statements": 28, "percent_covered": 100.0, "percent_covered_display": "100", "missing_lines": 0, "excluded_lines": 0}, "missing_lines": [], "excluded_lines": []}, "an_website/hangman_solver/hangman_solver.py": {"executed_lines": [14, 16, 18, 19, 20, 21, 23, 25, 26, 27, 29, 30, 33, 35, 52, 53, 54, 56, 57, 58, 59, 60, 61, 62, 63, 66, 68, 73, 75, 80, 84, 88, 90, 92, 94, 97, 101, 103, 109, 113, 114, 115, 116, 117, 120, 121, 130, 131, 133, 134, 135, 136, 137, 140, 141, 144, 147, 150, 151, 158, 162, 164, 165, 166, 168, 171, 178, 179, 181, 182, 184, 186, 195, 203, 204, 206, 207, 209, 212, 214, 216, 225, 229, 241, 242, 244, 246, 248, 249, 250, 251, 253, 255, 257, 258, 259, 260, 262, 271, 272, 274, 275, 277, 279, 280, 281, 282, 284, 285], "summary": {"covered_lines": 106, "num_statements": 106, "percent_covered": 100.0, "percent_covered_display": "100", "missing_lines": 0, "excluded_lines": 0}, "missing_lines": [], "excluded_lines": []}, "an_website/hangman_solver/wordgame_solver.py": {"executed_lines": [14, 16, 18, 20, 22, 23, 24, 27, 29, 45, 49, 51, 53, 54, 75, 79, 81, 90, 91, 94, 95, 97, 99, 101, 102, 103, 104, 105, 106, 108, 117, 118, 120, 121, 123, 125, 126, 127, 128, 129, 130], "summary": {"covered_lines": 39, "num_statements": 46, "percent_covered": 84.78260869565217, "percent_covered_display": "85", "missing_lines": 7, "excluded_lines": 0}, "missing_lines": [56, 58, 59, 61, 64, 66, 72], "excluded_lines": []}, "an_website/host_info/__init__.py": {"executed_lines": [14, 16, 18, 20], "summary": {"covered_lines": 4, "num_statements": 4, "percent_covered": 100.0, "percent_covered_display": "100", "missing_lines": 0, "excluded_lines": 0}, "missing_lines": [], "excluded_lines": []}, "an_website/host_info/host_info.py": {"executed_lines": [14, 20, 22, 23, 24, 25, 26, 28, 30, 31, 32, 33, 34, 36, 38, 39, 40, 46, 48, 75, 77, 82, 83, 85, 87, 89, 95, 96, 97, 98, 102, 113, 114, 116, 118, 124, 128, 135, 136], "summary": {"covered_lines": 37, "num_statements": 44, "percent_covered": 84.0909090909091, "percent_covered_display": "84", "missing_lines": 7, "excluded_lines": 0}, "missing_lines": [129, 141, 142, 146, 147, 148, 149], "excluded_lines": []}, "an_website/js_licenses/__init__.py": {"executed_lines": [14, 16, 18, 20], "summary": {"covered_lines": 4, "num_statements": 4, "percent_covered": 100.0, "percent_covered_display": "100", "missing_lines": 0, "excluded_lines": 0}, "missing_lines": [], "excluded_lines": []}, "an_website/js_licenses/js_licenses.py": {"executed_lines": [14, 24, 26, 27, 28, 30, 31, 32, 34, 37, 39, 53, 59, 60, 65, 66, 68, 70, 71, 74, 75, 79, 82, 85, 88, 89, 91, 93, 94, 95], "summary": {"covered_lines": 29, "num_statements": 31, "percent_covered": 93.54838709677419, "percent_covered_display": "94", "missing_lines": 2, "excluded_lines": 0}, "missing_lines": [76, 78], "excluded_lines": []}, "an_website/kangaroo_comics/__init__.py": {"executed_lines": [14, 16, 18, 20], "summary": {"covered_lines": 4, "num_statements": 4, "percent_covered": 100.0, "percent_covered_display": "100", "missing_lines": 0, "excluded_lines": 0}, "missing_lines": [], "excluded_lines": []}, "an_website/kangaroo_comics/comics.py": {"executed_lines": [14, 16, 18, 19, 22, 24, 44, 45, 47, 49, 50, 51, 61, 62, 64, 66, 68], "summary": {"covered_lines": 15, "num_statements": 16, "percent_covered": 93.75, "percent_covered_display": "94", "missing_lines": 1, "excluded_lines": 0}, "missing_lines": [67], "excluded_lines": []}, "an_website/lolwut/__init__.py": {"executed_lines": [14, 16, 18, 20], "summary": {"covered_lines": 4, "num_statements": 4, "percent_covered": 100.0, "percent_covered_display": "100", "missing_lines": 0, "excluded_lines": 0}, "missing_lines": [], "excluded_lines": []}, "an_website/lolwut/lolwut.py": {"executed_lines": [14, 16, 18, 19, 21, 22, 23, 26, 28, 45, 51, 58, 59, 60, 61, 64, 65, 67, 69, 72, 74, 75, 77, 85, 86, 88, 93], "summary": {"covered_lines": 25, "num_statements": 37, "percent_covered": 67.56756756756756, "percent_covered_display": "68", "missing_lines": 12, "excluded_lines": 0}, "missing_lines": [52, 53, 54, 55, 56, 70, 95, 96, 98, 100, 101, 103], "excluded_lines": []}, "an_website/main.py": {"executed_lines": [15, 17, 19, 20, 21, 22, 23, 24, 25, 26, 27, 28, 29, 30, 31, 32, 33, 34, 35, 37, 38, 39, 40, 41, 42, 43, 44, 50, 51, 52, 54, 64, 65, 66, 67, 68, 69, 70, 72, 86, 87, 89, 95, 97, 98, 99, 101, 102, 107, 109, 110, 111, 116, 118, 119, 124, 133, 137, 138, 139, 146, 156, 163, 169, 175, 178, 181, 184, 187, 188, 189, 190, 193, 201, 204, 205, 206, 207, 210, 211, 214, 222, 223, 224, 225, 226, 238, 241, 243, 247, 249, 252, 254, 257, 258, 262, 264, 265, 267, 272, 273, 290, 292, 294, 298, 300, 304, 306, 310, 311, 312, 313, 315, 317, 323, 325, 329, 333, 341, 354, 358, 361, 376, 422, 475, 494, 496, 497, 500, 531, 532, 535, 557, 565, 567, 568, 569, 570, 571, 572, 573, 574, 575, 576, 577, 578, 580, 582, 584, 588, 592, 594, 595, 596, 599, 604, 605, 607, 608, 609, 611, 621, 623, 624, 627, 637, 645, 651, 670, 671, 672, 675, 690, 698, 708, 714], "summary": {"covered_lines": 166, "num_statements": 215, "percent_covered": 77.20930232558139, "percent_covered_display": "77", "missing_lines": 49, "excluded_lines": 125}, "missing_lines": [125, 131, 140, 148, 161, 259, 266, 268, 365, 366, 367, 372, 373, 380, 381, 383, 385, 386, 387, 388, 389, 390, 392, 394, 403, 405, 406, 407, 413, 414, 416, 418, 419, 498, 499, 585, 586, 597, 603, 612, 613, 625, 626, 638, 652, 702, 703, 704, 705], "excluded_lines": [157, 159, 361, 376, 395, 422, 423, 424, 425, 459, 467, 472, 475, 476, 477, 478, 486, 489, 535, 536, 538, 539, 542, 543, 544, 545, 546, 547, 548, 549, 550, 553, 554, 675, 676, 677, 678, 679, 680, 681, 682, 683, 684, 685, 686, 687, 690, 691, 692, 693, 694, 695, 698, 708, 709, 710, 711, 714, 715, 723, 725, 727, 729, 730, 734, 736, 737, 738, 740, 741, 742, 743, 744, 746, 748, 755, 757, 761, 762, 768, 774, 775, 776, 782, 790, 791, 793, 794, 795, 796, 798, 800, 801, 807, 809, 810, 811, 812, 816, 818, 819, 821, 822, 824, 826, 827, 831, 832, 833, 834, 835, 836, 837, 838, 839, 840, 841, 842, 843, 844, 845, 846, 847, 848, 850]}, "an_website/main_page/__init__.py": {"executed_lines": [14, 16, 18, 20], "summary": {"covered_lines": 4, "num_statements": 4, "percent_covered": 100.0, "percent_covered_display": "100", "missing_lines": 0, "excluded_lines": 0}, "missing_lines": [], "excluded_lines": []}, "an_website/main_page/main_page.py": {"executed_lines": [14, 16, 18, 19, 22, 24, 34, 35, 37, 38, 40, 42, 43, 44], "summary": {"covered_lines": 12, "num_statements": 12, "percent_covered": 100.0, "percent_covered_display": "100", "missing_lines": 0, "excluded_lines": 1}, "missing_lines": [], "excluded_lines": [38]}, "an_website/patches/__init__.py": {"executed_lines": [15, 17, 19, 20, 21, 22, 23, 24, 25, 27, 28, 29, 30, 31, 32, 33, 34, 35, 36, 38, 39, 41, 43, 44, 45, 46, 49, 51, 53, 54, 55, 56, 59, 60, 63, 64, 65, 66, 74, 75, 76, 77, 78, 79, 80, 85, 86, 87, 88, 91, 93, 94, 95, 96, 99, 102, 104, 112, 130, 132, 133, 134, 136, 139, 147, 148, 153, 154, 158, 159, 160, 161, 162, 167, 168, 172, 173, 174, 176, 179, 192, 194, 195, 198, 199, 200], "summary": {"covered_lines": 84, "num_statements": 95, "percent_covered": 88.42105263157895, "percent_covered_display": "88", "missing_lines": 11, "excluded_lines": 3}, "missing_lines": [135, 149, 152, 155, 156, 163, 166, 169, 170, 193, 197], "excluded_lines": [46, 51, 52]}, "an_website/patches/braille.py": {"executed_lines": [16, 18, 20, 23, 41, 42, 45, 47, 54], "summary": {"covered_lines": 9, "num_statements": 18, "percent_covered": 50.0, "percent_covered_display": "50", "missing_lines": 9, "excluded_lines": 0}, "missing_lines": [24, 25, 26, 27, 28, 29, 30, 37, 38], "excluded_lines": []}, "an_website/patches/json.py": {"executed_lines": [14, 16, 18, 19, 20, 21, 22, 24, 26, 29, 31, 36, 38, 39, 40, 41, 43, 44, 47, 48, 50, 51, 54, 70, 71, 72, 75, 76, 78, 80, 93, 94, 103, 106, 111, 113, 116], "summary": {"covered_lines": 37, "num_statements": 50, "percent_covered": 74.0, "percent_covered_display": "74", "missing_lines": 13, "excluded_lines": 0}, "missing_lines": [33, 42, 73, 77, 79, 81, 92, 95, 96, 97, 98, 108, 118], "excluded_lines": []}, "an_website/ping/__init__.py": {"executed_lines": [14, 16, 18, 20], "summary": {"covered_lines": 4, "num_statements": 4, "percent_covered": 100.0, "percent_covered_display": "100", "missing_lines": 0, "excluded_lines": 0}, "missing_lines": [], "excluded_lines": []}, "an_website/ping/ping.py": {"executed_lines": [14, 16, 18, 19, 22, 24, 33, 34, 36, 41, 44, 45, 47], "summary": {"covered_lines": 12, "num_statements": 12, "percent_covered": 100.0, "percent_covered_display": "100", "missing_lines": 0, "excluded_lines": 0}, "missing_lines": [], "excluded_lines": []}, "an_website/quotes/__init__.py": {"executed_lines": [14, 16, 18, 19, 20, 21, 22, 23, 24, 25, 26, 27, 28, 30, 31, 32, 33, 34, 35, 37, 38, 39, 40, 42, 44, 46, 49, 50, 51, 54, 55, 58, 59, 60, 62, 63, 65, 70, 75, 76, 77, 79, 80, 82, 84, 86, 92, 96, 98, 111, 113, 114, 116, 117, 120, 121, 122, 124, 125, 126, 128, 130, 136, 140, 142, 149, 153, 154, 155, 156, 160, 161, 162, 164, 165, 166, 167, 169, 175, 177, 179, 187, 188, 189, 192, 198, 200, 206, 207, 208, 210, 212, 220, 247, 255, 257, 258, 260, 261, 263, 264, 265, 266, 267, 268, 269, 270, 271, 274, 279, 280, 282, 283, 284, 287, 292, 293, 294, 295, 296, 297, 300, 307, 308, 339, 341, 344, 347, 349, 350, 353, 354, 355, 356, 357, 359, 361, 364, 366, 369, 371, 377, 379, 382, 384, 385, 386, 388, 389, 390, 391, 392, 393, 395, 400, 403, 407, 408, 410, 411, 412, 414, 415, 416, 417, 423, 426, 428, 430, 432, 435, 449, 521, 578, 580, 581, 582, 586, 588, 589, 590, 594, 598, 599, 600, 601, 603, 605, 608, 615, 619, 622, 625, 627, 630, 632, 635, 637, 640, 642, 648, 677, 678, 680, 682, 687, 688, 689, 690], "summary": {"covered_lines": 204, "num_statements": 303, "percent_covered": 67.32673267326733, "percent_covered_display": "67", "missing_lines": 99, "excluded_lines": 2}, "missing_lines": [72, 94, 138, 157, 180, 184, 185, 190, 227, 228, 237, 256, 281, 309, 317, 318, 329, 336, 343, 351, 429, 431, 440, 441, 442, 443, 445, 446, 452, 453, 454, 456, 457, 459, 460, 464, 468, 472, 473, 476, 477, 478, 479, 481, 482, 484, 485, 488, 489, 490, 491, 492, 493, 495, 496, 500, 502, 504, 505, 506, 507, 508, 509, 510, 511, 512, 513, 514, 516, 517, 518, 528, 529, 530, 531, 533, 534, 538, 539, 544, 545, 549, 550, 555, 556, 560, 561, 566, 572, 583, 591, 620, 660, 661, 662, 664, 674, 684, 685], "excluded_lines": [67, 455]}, "an_website/quotes/create.py": {"executed_lines": [14, 16, 18, 19, 21, 22, 24, 25, 38, 41, 43, 56, 58, 60, 61, 62, 73, 75, 77, 78, 79, 88, 118, 120, 121, 122, 124, 125, 126, 135, 136, 137, 139, 142, 143, 144, 145, 148, 150, 151, 152, 153, 154, 157, 159, 160, 161, 162, 163, 166, 168, 169, 170, 172, 173, 174, 182, 187, 188, 191, 192, 194, 195, 197, 199, 200, 201, 207, 209, 210, 211, 212, 218, 219, 220, 222, 225, 265, 266, 268, 269, 271, 273, 274, 275, 276, 277, 278, 280, 285], "summary": {"covered_lines": 88, "num_statements": 123, "percent_covered": 71.54471544715447, "percent_covered_display": "72", "missing_lines": 35, "excluded_lines": 0}, "missing_lines": [64, 81, 94, 95, 96, 97, 99, 101, 102, 103, 105, 106, 107, 108, 110, 111, 113, 115, 140, 229, 231, 232, 233, 237, 240, 245, 249, 250, 255, 257, 289, 290, 291, 293, 298], "excluded_lines": []}, "an_website/quotes/quote_generator.py": {"executed_lines": [14, 16, 18, 20, 21, 22, 32, 34, 48, 50, 53, 54, 56, 57, 70, 71, 73, 75, 76, 77, 78, 79, 84, 85, 87, 89, 90, 91, 93], "summary": {"covered_lines": 27, "num_statements": 35, "percent_covered": 77.14285714285714, "percent_covered_display": "77", "missing_lines": 8, "excluded_lines": 0}, "missing_lines": [51, 59, 61, 62, 64, 65, 67, 92], "excluded_lines": []}, "an_website/quotes/quote_of_the_day.py": {"executed_lines": [14, 16, 18, 19, 20, 21, 22, 23, 25, 27, 28, 29, 30, 37, 40, 42, 73, 74, 75, 77, 78, 79, 80, 82, 84, 94, 96, 101, 103, 105, 107, 111, 113, 115, 125, 126, 128, 132, 135, 138, 139, 140, 141, 142, 143, 145, 149, 151, 153, 154, 155, 156, 182, 184, 186, 190, 192, 194, 200, 212, 213, 215, 216, 218, 220, 222, 223, 230, 236, 237, 239, 272, 273, 275, 282, 285, 291, 294], "summary": {"covered_lines": 73, "num_statements": 112, "percent_covered": 65.17857142857143, "percent_covered_display": "65", "missing_lines": 39, "excluded_lines": 0}, "missing_lines": [117, 133, 136, 144, 152, 157, 160, 161, 162, 163, 164, 165, 166, 167, 168, 170, 171, 172, 177, 180, 188, 196, 197, 198, 202, 203, 204, 221, 246, 247, 249, 255, 256, 258, 259, 261, 262, 283, 292], "excluded_lines": []}, "an_website/quotes/quotes.py": {"executed_lines": [14, 20, 22, 23, 24, 25, 26, 27, 28, 30, 32, 33, 34, 35, 36, 46, 47, 48, 49, 50, 51, 53, 56, 58, 131, 133, 134, 135, 136, 137, 138, 140, 141, 142, 143, 144, 146, 149, 156, 157, 159, 160, 161, 163, 165, 167, 168, 172, 174, 175, 177, 178, 180, 181, 190, 191, 192, 193, 194, 195, 201, 203, 205, 207, 209, 211, 219, 221, 223, 229, 230, 231, 234, 235, 236, 241, 245, 246, 247, 248, 250, 252, 254, 256, 259, 260, 262, 264, 265, 266, 267, 268, 269, 270, 272, 289, 291, 292, 293, 296, 300, 303, 304, 306, 318, 319, 321, 322, 323, 325, 330, 332, 336, 337, 338, 339, 341, 346, 347, 348, 357, 358, 359, 361, 365, 366, 367, 370, 372, 373, 374, 384, 385, 387, 389, 394, 403, 406, 409, 411, 413, 415, 417, 456, 458, 463, 467, 468, 480, 496, 497, 499, 501, 506, 508, 512, 513, 514, 519], "summary": {"covered_lines": 154, "num_statements": 202, "percent_covered": 76.23762376237623, "percent_covered_display": "76", "missing_lines": 48, "excluded_lines": 0}, "missing_lines": [184, 185, 188, 189, 196, 197, 198, 199, 237, 238, 239, 249, 251, 253, 255, 294, 310, 311, 340, 368, 404, 405, 410, 412, 414, 423, 424, 426, 428, 429, 431, 435, 436, 438, 439, 441, 443, 445, 448, 451, 452, 454, 484, 485, 486, 491, 492, 493], "excluded_lines": []}, "an_website/quotes/quotes_image.py": {"executed_lines": [14, 16, 18, 19, 20, 21, 22, 23, 24, 26, 27, 29, 30, 32, 34, 35, 36, 37, 38, 39, 43, 47, 53, 55, 58, 61, 62, 63, 64, 67, 73, 74, 76, 77, 78, 79, 80, 82, 85, 96, 105, 115, 126, 127, 128, 136, 137, 140, 151, 152, 155, 156, 157, 160, 163, 164, 171, 182, 183, 184, 185, 190, 203, 215, 216, 217, 218, 227, 228, 238, 239, 240, 249, 250, 255, 257, 258, 259, 260, 261, 262, 263, 265, 266, 267, 268, 269, 270, 273, 287, 291, 292, 294, 297, 298, 300, 309, 317, 318, 319, 321, 322, 329, 332, 338, 341, 347, 348, 349], "summary": {"covered_lines": 108, "num_statements": 128, "percent_covered": 84.375, "percent_covered_display": "84", "missing_lines": 20, "excluded_lines": 0}, "missing_lines": [106, 109, 110, 158, 165, 166, 167, 168, 170, 187, 204, 205, 264, 288, 310, 314, 315, 316, 330, 339], "excluded_lines": []}, "an_website/quotes/quotes_info.py": {"executed_lines": [14, 15, 17, 18, 19, 20, 22, 23, 25, 26, 27, 28, 29, 32, 34, 47, 48, 50, 52, 54, 55, 56, 57, 58, 59, 72, 73, 76, 84, 87, 92, 93, 97, 99, 101, 108, 112, 117, 118, 120, 121, 122, 125, 128, 135, 136, 137, 138, 139, 140, 141, 145, 148, 149, 151, 153, 155, 156, 157, 158, 159, 160, 161, 162, 164, 167, 168, 171, 174, 177, 179, 180, 183, 184, 192, 197, 209, 211], "summary": {"covered_lines": 76, "num_statements": 84, "percent_covered": 90.47619047619048, "percent_covered_display": "90", "missing_lines": 8, "excluded_lines": 0}, "missing_lines": [85, 94, 95, 96, 119, 123, 175, 182], "excluded_lines": []}, "an_website/quotes/share_page.py": {"executed_lines": [14, 16, 18, 20, 23, 24, 26, 30, 31, 32, 33, 34], "summary": {"covered_lines": 11, "num_statements": 11, "percent_covered": 100.0, "percent_covered_display": "100", "missing_lines": 0, "excluded_lines": 0}, "missing_lines": [], "excluded_lines": []}, "an_website/redirect/__init__.py": {"executed_lines": [14, 16, 18, 20], "summary": {"covered_lines": 4, "num_statements": 4, "percent_covered": 100.0, "percent_covered_display": "100", "missing_lines": 0, "excluded_lines": 0}, "missing_lines": [], "excluded_lines": []}, "an_website/redirect/redirect.py": {"executed_lines": [14, 21, 23, 25, 26, 29, 31, 44, 45, 47, 51, 52, 53, 55, 58, 60, 62, 63, 64, 66, 71], "summary": {"covered_lines": 20, "num_statements": 20, "percent_covered": 100.0, "percent_covered_display": "100", "missing_lines": 0, "excluded_lines": 0}, "missing_lines": [], "excluded_lines": []}, "an_website/reporting/__init__.py": {"executed_lines": [14, 16, 18, 20], "summary": {"covered_lines": 4, "num_statements": 4, "percent_covered": 100.0, "percent_covered_display": "100", "missing_lines": 0, "excluded_lines": 0}, "missing_lines": [], "excluded_lines": []}, "an_website/reporting/reporting.py": {"executed_lines": [14, 16, 18, 19, 20, 22, 23, 24, 25, 26, 28, 29, 30, 32, 35, 37, 51, 61, 62, 80, 90, 100, 110, 111, 113, 117, 118, 120, 121, 123, 125, 127, 129, 132, 133, 135, 136, 137, 138, 140, 141, 142, 144, 145, 153, 154, 166], "summary": {"covered_lines": 46, "num_statements": 91, "percent_covered": 50.54945054945055, "percent_covered_display": "51", "missing_lines": 45, "excluded_lines": 0}, "missing_lines": [81, 91, 107, 130, 156, 157, 164, 169, 173, 174, 177, 178, 181, 182, 183, 184, 185, 186, 187, 196, 197, 198, 205, 207, 208, 209, 210, 211, 216, 217, 218, 219, 220, 221, 222, 223, 224, 225, 234, 235, 236, 239, 240, 241, 242], "excluded_lines": []}, "an_website/search/__init__.py": {"executed_lines": [14, 16, 18, 20], "summary": {"covered_lines": 4, "num_statements": 4, "percent_covered": 100.0, "percent_covered_display": "100", "missing_lines": 0, "excluded_lines": 0}, "missing_lines": [], "excluded_lines": []}, "an_website/search/search.py": {"executed_lines": [14, 15, 17, 18, 20, 21, 23, 24, 26, 29, 31, 44, 45, 47, 91, 93, 94, 95, 101, 103, 105, 109, 111, 112, 113, 114, 125, 126, 127, 128, 140, 142, 144, 146, 156, 159, 160, 162, 164], "summary": {"covered_lines": 37, "num_statements": 48, "percent_covered": 77.08333333333333, "percent_covered_display": "77", "missing_lines": 11, "excluded_lines": 0}, "missing_lines": [49, 147, 148, 149, 150, 151, 154, 155, 166, 167, 168], "excluded_lines": []}, "an_website/services_list/__init__.py": {"executed_lines": [14, 16, 18, 20], "summary": {"covered_lines": 4, "num_statements": 4, "percent_covered": 100.0, "percent_covered_display": "100", "missing_lines": 0, "excluded_lines": 0}, "missing_lines": [], "excluded_lines": []}, "an_website/services_list/services.py": {"executed_lines": [14, 16, 18, 20, 21, 24, 26, 36, 37, 38, 40, 41, 42, 43, 46, 99, 100, 102, 104, 105, 106], "summary": {"covered_lines": 19, "num_statements": 19, "percent_covered": 100.0, "percent_covered_display": "100", "missing_lines": 0, "excluded_lines": 0}, "missing_lines": [], "excluded_lines": []}, "an_website/settings/__init__.py": {"executed_lines": [14, 16, 18, 20], "summary": {"covered_lines": 4, "num_statements": 4, "percent_covered": 100.0, "percent_covered_display": "100", "missing_lines": 0, "excluded_lines": 0}, "missing_lines": [], "excluded_lines": []}, "an_website/settings/settings.py": {"executed_lines": [14, 16, 18, 20, 21, 24, 26, 40, 41, 43, 45, 46, 47, 59, 61, 62, 65, 66, 67, 69, 70, 74, 75, 77, 78, 79, 80, 81, 91, 101, 102, 104], "summary": {"covered_lines": 31, "num_statements": 32, "percent_covered": 96.875, "percent_covered_display": "97", "missing_lines": 1, "excluded_lines": 0}, "missing_lines": [76], "excluded_lines": []}, "an_website/soundboard/__init__.py": {"executed_lines": [14, 16, 18, 19, 20, 21, 22, 23, 25, 27, 28, 30, 32, 33, 36, 37, 39, 41, 42, 43, 44, 46, 47, 50, 51, 54, 57, 59, 60, 78, 79, 80, 82, 84, 95, 96, 97, 99, 100, 102, 113, 114, 120, 127, 128, 129, 131, 132, 133, 135, 148, 150, 156, 158, 160, 166, 167, 168, 169, 170, 187, 189, 190, 191, 192, 193, 195, 196, 197, 198, 199, 200, 219, 220, 221, 223, 224, 225, 227, 228, 229, 231, 232, 233, 235, 236, 237, 238, 241, 242, 244], "summary": {"covered_lines": 88, "num_statements": 101, "percent_covered": 87.12871287128714, "percent_covered_display": "87", "missing_lines": 13, "excluded_lines": 0}, "missing_lines": [62, 63, 64, 65, 67, 68, 75, 92, 137, 138, 140, 141, 143], "excluded_lines": []}, "an_website/soundboard/soundboard.py": {"executed_lines": [14, 16, 18, 19, 20, 22, 24, 25, 26, 27, 40, 42, 111, 112, 114, 115, 117, 118, 119, 120, 122, 123, 128, 134, 135, 136, 137, 138, 139, 140, 141, 154, 155, 158, 159, 161, 164, 165, 167, 169, 170, 172, 173, 174, 176, 177, 179, 181, 192, 196, 197, 199, 200, 201, 202, 203, 204, 206, 207, 208, 209, 216, 217, 218, 223, 225, 227, 228, 229, 230, 231, 232, 233, 237, 238, 240, 241, 242, 248, 249, 251, 255, 257, 259, 263, 264, 266, 267, 272, 273], "summary": {"covered_lines": 88, "num_statements": 92, "percent_covered": 95.65217391304348, "percent_covered_display": "96", "missing_lines": 4, "excluded_lines": 0}, "missing_lines": [211, 234, 235, 265], "excluded_lines": []}, "an_website/swapped_words/__init__.py": {"executed_lines": [14, 16, 18, 20], "summary": {"covered_lines": 4, "num_statements": 4, "percent_covered": 100.0, "percent_covered_display": "100", "missing_lines": 0, "excluded_lines": 0}, "missing_lines": [], "excluded_lines": []}, "an_website/swapped_words/sw_config_file.py": {"executed_lines": [14, 15, 17, 18, 19, 20, 23, 30, 37, 40, 41, 43, 44, 46, 47, 49, 50, 52, 54, 60, 61, 62, 70, 73, 74, 76, 81, 82, 83, 85, 87, 89, 92, 93, 94, 96, 97, 99, 101, 105, 107, 109, 111, 112, 113, 114, 122, 127, 128, 129, 132, 134, 136, 137, 138, 139, 140, 141, 143, 145, 148, 149, 150, 153, 155, 157, 158, 159, 160, 162, 163, 164, 165, 166, 167, 169, 171, 174, 176, 180, 188, 209, 210, 215, 217, 222, 223, 225, 226, 227, 229, 230, 231, 232, 236, 237, 239, 241, 242, 243, 247, 248, 250, 251, 252, 255, 256, 257, 262, 263, 264, 266, 267, 268, 270, 272, 278, 279, 281, 283, 284, 285, 287, 289, 295, 297, 308, 310, 311, 312, 316, 318, 319, 320, 321, 322, 323, 327, 329, 331, 333, 334, 335, 336, 341, 349, 354, 356, 359, 361], "summary": {"covered_lines": 143, "num_statements": 148, "percent_covered": 96.62162162162163, "percent_covered_display": "97", "missing_lines": 5, "excluded_lines": 3}, "missing_lines": [218, 233, 259, 314, 325], "excluded_lines": [78, 103, 124]}, "an_website/swapped_words/swap.py": {"executed_lines": [14, 16, 18, 19, 20, 22, 24, 25, 26, 27, 28, 31, 33, 58, 60, 61, 64, 66, 68, 69, 79, 80, 82, 86, 92, 96, 98, 99, 103, 105, 110, 122, 123, 128, 129, 130, 139, 148, 150, 157, 158, 160, 162, 166, 168, 170, 171, 172, 173, 179, 181, 182, 189, 194, 195, 196, 202, 204], "summary": {"covered_lines": 56, "num_statements": 56, "percent_covered": 100.0, "percent_covered_display": "100", "missing_lines": 0, "excluded_lines": 0}, "missing_lines": [], "excluded_lines": []}, "an_website/troet/__init__.py": {"executed_lines": [14, 16, 18, 20], "summary": {"covered_lines": 4, "num_statements": 4, "percent_covered": 100.0, "percent_covered_display": "100", "missing_lines": 0, "excluded_lines": 0}, "missing_lines": [], "excluded_lines": []}, "an_website/troet/troet.py": {"executed_lines": [14, 16, 18, 19, 21, 22, 25, 27, 38, 39, 41, 43, 44, 45, 47, 48, 50, 51, 52, 53, 54, 55, 56, 57, 63, 64, 67, 69, 70, 72, 79, 81], "summary": {"covered_lines": 31, "num_statements": 31, "percent_covered": 100.0, "percent_covered_display": "100", "missing_lines": 0, "excluded_lines": 0}, "missing_lines": [], "excluded_lines": []}, "an_website/update/__init__.py": {"executed_lines": [14, 16, 18, 20], "summary": {"covered_lines": 4, "num_statements": 4, "percent_covered": 100.0, "percent_covered_display": "100", "missing_lines": 0, "excluded_lines": 0}, "missing_lines": [], "excluded_lines": []}, "an_website/update/update.py": {"executed_lines": [14, 16, 18, 19, 20, 21, 22, 23, 24, 26, 28, 29, 30, 33, 35, 47, 60, 61, 62, 64, 65, 67, 69, 72, 75, 86], "summary": {"covered_lines": 25, "num_statements": 53, "percent_covered": 47.16981132075472, "percent_covered_display": "47", "missing_lines": 28, "excluded_lines": 0}, "missing_lines": [49, 51, 53, 54, 55, 57, 70, 73, 77, 78, 79, 80, 81, 82, 89, 90, 91, 92, 93, 104, 105, 106, 107, 108, 109, 110, 111, 112], "excluded_lines": []}, "an_website/uptime/__init__.py": {"executed_lines": [14, 16, 18, 20], "summary": {"covered_lines": 4, "num_statements": 4, "percent_covered": 100.0, "percent_covered_display": "100", "missing_lines": 0, "excluded_lines": 0}, "missing_lines": [], "excluded_lines": []}, "an_website/uptime/uptime.py": {"executed_lines": [14, 16, 18, 19, 20, 21, 22, 24, 25, 27, 28, 29, 30, 32, 35, 37, 38, 39, 40, 43, 45, 60, 62, 65, 67, 68, 71, 73, 74, 76, 84, 88, 109, 110, 116, 119, 127, 146, 147, 149, 151, 153, 154, 155, 156, 161, 162, 170, 171, 173, 174, 176, 210, 211, 213, 215, 217, 218, 219, 220, 225], "summary": {"covered_lines": 58, "num_statements": 69, "percent_covered": 84.05797101449275, "percent_covered_display": "84", "missing_lines": 11, "excluded_lines": 0}, "missing_lines": [178, 179, 180, 181, 182, 183, 199, 200, 203, 204, 205], "excluded_lines": []}, "an_website/utils/__init__.py": {"executed_lines": [14, 16, 18, 20], "summary": {"covered_lines": 4, "num_statements": 4, "percent_covered": 100.0, "percent_covered_display": "100", "missing_lines": 0, "excluded_lines": 0}, "missing_lines": [], "excluded_lines": []}, "an_website/utils/base_request_handler.py": {"executed_lines": [14, 20, 22, 23, 24, 25, 26, 27, 28, 29, 30, 31, 32, 33, 34, 35, 37, 38, 39, 40, 41, 42, 43, 44, 51, 52, 67, 69, 78, 79, 83, 88, 89, 90, 91, 92, 93, 95, 97, 99, 100, 101, 103, 104, 105, 106, 107, 109, 111, 112, 113, 115, 118, 119, 121, 122, 123, 125, 127, 128, 138, 139, 143, 145, 150, 151, 153, 155, 156, 158, 160, 173, 176, 177, 179, 189, 191, 193, 205, 206, 207, 208, 209, 210, 211, 212, 213, 217, 218, 219, 220, 221, 222, 223, 224, 225, 226, 227, 228, 230, 243, 249, 250, 251, 253, 255, 256, 258, 259, 260, 261, 262, 264, 270, 271, 278, 280, 281, 283, 285, 286, 288, 292, 294, 296, 303, 315, 318, 319, 321, 325, 327, 328, 329, 330, 331, 332, 333, 334, 335, 336, 337, 338, 343, 353, 360, 361, 365, 366, 367, 368, 370, 372, 374, 376, 378, 382, 384, 386, 388, 392, 394, 396, 398, 399, 403, 405, 406, 407, 408, 411, 413, 414, 415, 416, 419, 421, 425, 427, 428, 430, 432, 434, 435, 436, 437, 439, 441, 442, 443, 452, 454, 458, 460, 465, 469, 472, 479, 481, 485, 487, 491, 492, 493, 494, 495, 497, 499, 501, 504, 505, 507, 522, 523, 524, 525, 526, 527, 528, 532, 535, 536, 537, 541, 542, 557, 558, 560, 561, 562, 563, 565, 567, 574, 577, 578, 579, 580, 581, 583, 584, 587, 589, 590, 600, 605, 611, 612, 614, 616, 619, 623, 625, 626, 630, 631, 632, 635, 636, 637, 638, 639, 644, 646, 647, 655, 656, 658, 662, 663, 664, 666, 668, 673, 734, 736, 743, 753, 754, 756, 758, 759, 761, 763, 765, 766, 769, 770, 772, 783, 785, 787, 797, 799, 800, 807, 826, 828, 829, 830, 831, 832, 833, 844, 846, 847, 848, 849, 854, 856, 858, 861, 862, 867, 871, 874, 878, 884, 885, 886, 887, 888, 892, 893, 894, 898, 899, 901, 902, 908, 913, 916, 918, 919, 921], "summary": {"covered_lines": 333, "num_statements": 413, "percent_covered": 80.62953995157385, "percent_covered_display": "81", "missing_lines": 80, "excluded_lines": 3}, "missing_lines": [124, 136, 141, 174, 252, 272, 273, 274, 275, 276, 306, 309, 312, 326, 339, 354, 355, 356, 357, 358, 362, 363, 395, 401, 409, 417, 429, 444, 445, 446, 449, 450, 453, 486, 500, 502, 538, 539, 570, 571, 572, 582, 588, 591, 595, 596, 597, 598, 606, 607, 609, 617, 633, 648, 653, 675, 676, 680, 682, 683, 694, 697, 698, 699, 700, 721, 722, 724, 725, 726, 727, 729, 730, 732, 744, 745, 751, 801, 873, 914], "excluded_lines": [619, 620, 621]}, "an_website/utils/request_handler.py": {"executed_lines": [14, 20, 22, 23, 24, 25, 26, 27, 28, 29, 30, 31, 33, 34, 35, 36, 37, 38, 39, 41, 42, 43, 44, 45, 57, 60, 62, 82, 83, 85, 91, 93, 97, 98, 99, 100, 106, 108, 110, 116, 117, 120, 150, 152, 154, 161, 162, 166, 167, 170, 172, 179, 180, 230, 240, 242, 244, 245, 247, 249, 263, 264, 270, 274, 276, 278, 280, 282, 288, 289, 291, 293, 294, 295, 297, 299, 301, 303, 304, 305, 308, 309, 310, 312, 314, 338, 339, 341, 342, 344, 346, 347, 349, 350, 352, 353, 354, 361, 363, 364, 365, 377, 379, 380, 382, 383, 385, 386, 389, 390, 392, 394, 395, 399, 400, 401, 410, 411, 413, 421, 422, 424, 429, 434, 435, 437, 447, 448, 450, 451, 452, 457, 459, 463, 464, 465, 466, 467, 468, 469, 470, 473, 476, 479], "summary": {"covered_lines": 137, "num_statements": 144, "percent_covered": 95.13888888888889, "percent_covered_display": "95", "missing_lines": 7, "excluded_lines": 1}, "missing_lines": [111, 118, 415, 416, 417, 418, 458], "excluded_lines": [62]}, "an_website/utils/static_file_handling.py": {"executed_lines": [14, 16, 18, 19, 20, 21, 22, 23, 24, 26, 27, 28, 30, 31, 32, 34, 37, 39, 40, 43, 45, 52, 56, 140, 142, 149, 177, 180, 183, 184, 186, 187, 188, 190, 191, 192, 193, 194, 195, 196, 201, 202, 204, 206, 209, 213, 220, 221, 223, 225, 226, 227, 231, 233, 237, 238, 239, 240, 242, 245, 246, 248, 250, 252, 255, 256, 262, 264, 265, 270], "summary": {"covered_lines": 67, "num_statements": 73, "percent_covered": 91.78082191780823, "percent_covered_display": "92", "missing_lines": 6, "excluded_lines": 7}, "missing_lines": [189, 197, 198, 211, 241, 260], "excluded_lines": [149, 151, 159, 165, 166, 207, 253]}, "an_website/utils/utils.py": {"executed_lines": [14, 16, 18, 19, 20, 21, 22, 23, 24, 25, 26, 27, 28, 29, 30, 31, 33, 34, 35, 36, 37, 38, 40, 42, 45, 51, 56, 57, 58, 60, 61, 62, 64, 65, 66, 68, 76, 77, 79, 82, 83, 84, 85, 86, 91, 93, 95, 119, 120, 121, 127, 128, 129, 131, 133, 134, 135, 137, 139, 141, 142, 144, 145, 146, 148, 150, 151, 153, 154, 155, 156, 157, 159, 162, 163, 165, 167, 168, 170, 171, 181, 187, 189, 191, 192, 195, 196, 198, 199, 200, 201, 202, 205, 206, 209, 210, 212, 213, 215, 219, 220, 221, 222, 223, 224, 226, 228, 239, 241, 242, 243, 244, 245, 246, 247, 249, 250, 257, 285, 287, 290, 292, 295, 297, 300, 302, 305, 307, 312, 313, 323, 331, 332, 334, 336, 341, 342, 363, 382, 386, 389, 391, 392, 399, 401, 402, 403, 404, 405, 408, 418, 420, 421, 424, 426, 427, 428, 429, 430, 431, 432, 433, 436, 438, 445, 447, 450, 452, 455, 456, 457, 459, 462, 512, 514, 515, 516, 519, 521, 522, 528, 529, 530, 542, 551, 559, 560, 563, 565, 567, 568, 569, 570, 571, 572, 573, 575, 576, 577, 580, 582, 583, 586], "summary": {"covered_lines": 199, "num_statements": 269, "percent_covered": 73.97769516728624, "percent_covered_display": "74", "missing_lines": 70, "excluded_lines": 0}, "missing_lines": [88, 97, 98, 100, 101, 103, 105, 107, 108, 110, 111, 112, 113, 114, 116, 177, 178, 179, 188, 251, 252, 254, 261, 262, 263, 264, 265, 266, 267, 270, 271, 272, 273, 277, 278, 279, 282, 337, 352, 353, 358, 359, 361, 383, 410, 411, 412, 458, 474, 475, 476, 477, 479, 489, 493, 494, 495, 496, 497, 499, 500, 501, 502, 503, 504, 505, 506, 509, 566, 574], "excluded_lines": []}, "an_website/version/__init__.py": {"executed_lines": [14, 16, 18, 20], "summary": {"covered_lines": 4, "num_statements": 4, "percent_covered": 100.0, "percent_covered_display": "100", "missing_lines": 0, "excluded_lines": 0}, "missing_lines": [], "excluded_lines": []}, "an_website/version/version.py": {"executed_lines": [14, 16, 18, 19, 20, 21, 22, 24, 25, 26, 27, 29, 30, 33, 35, 48, 50, 53, 55, 62, 64, 65, 66, 67, 68, 69, 72, 74, 75, 77, 78, 79, 80, 83, 84, 86, 88, 89, 90, 93, 94, 96, 98, 99, 100], "summary": {"covered_lines": 43, "num_statements": 43, "percent_covered": 100.0, "percent_covered_display": "100", "missing_lines": 0, "excluded_lines": 0}, "missing_lines": [], "excluded_lines": []}, "an_website/whats_my_ip/__init__.py": {"executed_lines": [14, 16, 18, 20], "summary": {"covered_lines": 4, "num_statements": 4, "percent_covered": 100.0, "percent_covered_display": "100", "missing_lines": 0, "excluded_lines": 0}, "missing_lines": [], "excluded_lines": []}, "an_website/whats_my_ip/ip.py": {"executed_lines": [14, 16, 18, 20, 21, 24, 26, 41, 42, 44, 46, 47, 48, 49, 54, 57, 58, 60, 62, 63, 64, 69], "summary": {"covered_lines": 20, "num_statements": 22, "percent_covered": 90.9090909090909, "percent_covered_display": "91", "missing_lines": 2, "excluded_lines": 0}, "missing_lines": [50, 65], "excluded_lines": []}, "an_website/wiki/__init__.py": {"executed_lines": [14, 16, 18, 20], "summary": {"covered_lines": 4, "num_statements": 4, "percent_covered": 100.0, "percent_covered_display": "100", "missing_lines": 0, "excluded_lines": 0}, "missing_lines": [], "excluded_lines": []}, "an_website/wiki/wiki.py": {"executed_lines": [14, 16, 18, 19, 22, 24, 41, 42, 44, 46, 47, 48], "summary": {"covered_lines": 11, "num_statements": 11, "percent_covered": 100.0, "percent_covered_display": "100", "missing_lines": 0, "excluded_lines": 0}, "missing_lines": [], "excluded_lines": []}}, "totals": {"covered_lines": 3383, "num_statements": 4189, "percent_covered": 80.75913105753163, "percent_covered_display": "81", "missing_lines": 806, "excluded_lines": 152}}